{"C:\\Users\\brenn\\OneDrive - National University of Singapore\\1NUS\\Y4S1\\CS3219 Software Engineering Principles and Patterns\\Project\\PeerPrep Codebase\\collaboration-service\\src\\app.js": {"path":"C:\\Users\\brenn\\OneDrive - National University of Singapore\\1NUS\\Y4S1\\CS3219 Software Engineering Principles and Patterns\\Project\\PeerPrep Codebase\\collaboration-service\\src\\app.js","statementMap":{"0":{"start":{"line":6,"column":12},"end":{"line":6,"column":21}},"1":{"start":{"line":7,"column":0},"end":{"line":7,"column":16}},"2":{"start":{"line":8,"column":0},"end":{"line":8,"column":24}},"3":{"start":{"line":9,"column":0},"end":{"line":9,"column":21}}},"fnMap":{},"branchMap":{},"s":{"0":1,"1":1,"2":1,"3":1},"f":{},"b":{},"inputSourceMap":null,"_coverageSchema":"1a1c01bbd47fc00a2c39e90264f33305004495a9","hash":"cccba23f636f387393f147286f6c40ee01d7949d"}
,"C:\\Users\\brenn\\OneDrive - National University of Singapore\\1NUS\\Y4S1\\CS3219 Software Engineering Principles and Patterns\\Project\\PeerPrep Codebase\\collaboration-service\\src\\controllers\\sessionController.js": {"path":"C:\\Users\\brenn\\OneDrive - National University of Singapore\\1NUS\\Y4S1\\CS3219 Software Engineering Principles and Patterns\\Project\\PeerPrep Codebase\\collaboration-service\\src\\controllers\\sessionController.js","statementMap":{"0":{"start":{"line":8,"column":28},"end":{"line":14,"column":2}},"1":{"start":{"line":16,"column":29},"end":{"line":25,"column":1}},"2":{"start":{"line":17,"column":17},"end":{"line":17,"column":56}},"3":{"start":{"line":18,"column":2},"end":{"line":18,"column":83}},"4":{"start":{"line":18,"column":23},"end":{"line":18,"column":83}},"5":{"start":{"line":19,"column":12},"end":{"line":19,"column":36}},"6":{"start":{"line":20,"column":2},"end":{"line":20,"column":24}},"7":{"start":{"line":21,"column":2},"end":{"line":21,"column":32}},"8":{"start":{"line":22,"column":2},"end":{"line":22,"column":48}},"9":{"start":{"line":23,"column":2},"end":{"line":23,"column":24}},"10":{"start":{"line":24,"column":2},"end":{"line":24,"column":26}},"11":{"start":{"line":27,"column":26},"end":{"line":34,"column":1}},"12":{"start":{"line":28,"column":12},"end":{"line":28,"column":39}},"13":{"start":{"line":29,"column":2},"end":{"line":29,"column":62}},"14":{"start":{"line":29,"column":10},"end":{"line":29,"column":62}},"15":{"start":{"line":30,"column":14},"end":{"line":30,"column":45}},"16":{"start":{"line":31,"column":15},"end":{"line":31,"column":111}},"17":{"start":{"line":31,"column":93},"end":{"line":31,"column":109}},"18":{"start":{"line":32,"column":15},"end":{"line":32,"column":38}},"19":{"start":{"line":33,"column":2},"end":{"line":33,"column":64}},"20":{"start":{"line":36,"column":27},"end":{"line":46,"column":1}},"21":{"start":{"line":37,"column":12},"end":{"line":37,"column":39}},"22":{"start":{"line":38,"column":17},"end":{"line":38,"column":47}},"23":{"start":{"line":39,"column":2},"end":{"line":39,"column":62}},"24":{"start":{"line":39,"column":10},"end":{"line":39,"column":62}},"25":{"start":{"line":40,"column":2},"end":{"line":40,"column":73}},"26":{"start":{"line":40,"column":15},"end":{"line":40,"column":73}},"27":{"start":{"line":41,"column":2},"end":{"line":41,"column":115}},"28":{"start":{"line":41,"column":48},"end":{"line":41,"column":115}},"29":{"start":{"line":42,"column":12},"end":{"line":42,"column":43}},"30":{"start":{"line":43,"column":2},"end":{"line":43,"column":56}},"31":{"start":{"line":44,"column":2},"end":{"line":44,"column":24}},"32":{"start":{"line":45,"column":2},"end":{"line":45,"column":25}},"33":{"start":{"line":48,"column":28},"end":{"line":58,"column":1}},"34":{"start":{"line":49,"column":12},"end":{"line":49,"column":39}},"35":{"start":{"line":50,"column":17},"end":{"line":50,"column":47}},"36":{"start":{"line":51,"column":2},"end":{"line":51,"column":62}},"37":{"start":{"line":51,"column":10},"end":{"line":51,"column":62}},"38":{"start":{"line":52,"column":2},"end":{"line":52,"column":73}},"39":{"start":{"line":52,"column":15},"end":{"line":52,"column":73}},"40":{"start":{"line":53,"column":12},"end":{"line":53,"column":43}},"41":{"start":{"line":54,"column":2},"end":{"line":54,"column":19}},"42":{"start":{"line":55,"column":2},"end":{"line":55,"column":24}},"43":{"start":{"line":56,"column":2},"end":{"line":56,"column":39}},"44":{"start":{"line":56,"column":20},"end":{"line":56,"column":39}},"45":{"start":{"line":57,"column":2},"end":{"line":57,"column":43}},"46":{"start":{"line":60,"column":22},"end":{"line":60,"column":107}},"47":{"start":{"line":62,"column":23},"end":{"line":70,"column":1}},"48":{"start":{"line":63,"column":12},"end":{"line":63,"column":39}},"49":{"start":{"line":64,"column":2},"end":{"line":64,"column":62}},"50":{"start":{"line":64,"column":10},"end":{"line":64,"column":62}},"51":{"start":{"line":65,"column":17},"end":{"line":65,"column":56}},"52":{"start":{"line":66,"column":2},"end":{"line":66,"column":83}},"53":{"start":{"line":66,"column":23},"end":{"line":66,"column":83}},"54":{"start":{"line":67,"column":24},"end":{"line":67,"column":106}},"55":{"start":{"line":68,"column":2},"end":{"line":68,"column":76}},"56":{"start":{"line":68,"column":12},"end":{"line":68,"column":76}},"57":{"start":{"line":69,"column":2},"end":{"line":69,"column":28}}},"fnMap":{"0":{"name":"(anonymous_0)","decl":{"start":{"line":16,"column":29},"end":{"line":16,"column":30}},"loc":{"start":{"line":16,"column":43},"end":{"line":25,"column":1}},"line":16},"1":{"name":"(anonymous_1)","decl":{"start":{"line":27,"column":26},"end":{"line":27,"column":27}},"loc":{"start":{"line":27,"column":40},"end":{"line":34,"column":1}},"line":27},"2":{"name":"(anonymous_2)","decl":{"start":{"line":31,"column":75},"end":{"line":31,"column":76}},"loc":{"start":{"line":31,"column":93},"end":{"line":31,"column":109}},"line":31},"3":{"name":"(anonymous_3)","decl":{"start":{"line":36,"column":27},"end":{"line":36,"column":28}},"loc":{"start":{"line":36,"column":41},"end":{"line":46,"column":1}},"line":36},"4":{"name":"(anonymous_4)","decl":{"start":{"line":48,"column":28},"end":{"line":48,"column":29}},"loc":{"start":{"line":48,"column":42},"end":{"line":58,"column":1}},"line":48},"5":{"name":"(anonymous_5)","decl":{"start":{"line":62,"column":23},"end":{"line":62,"column":24}},"loc":{"start":{"line":62,"column":43},"end":{"line":70,"column":1}},"line":62}},"branchMap":{"0":{"loc":{"start":{"line":18,"column":2},"end":{"line":18,"column":83}},"type":"if","locations":[{"start":{"line":18,"column":2},"end":{"line":18,"column":83}},{"start":{},"end":{}}],"line":18},"1":{"loc":{"start":{"line":29,"column":2},"end":{"line":29,"column":62}},"type":"if","locations":[{"start":{"line":29,"column":2},"end":{"line":29,"column":62}},{"start":{},"end":{}}],"line":29},"2":{"loc":{"start":{"line":31,"column":27},"end":{"line":31,"column":58}},"type":"binary-expr","locations":[{"start":{"line":31,"column":27},"end":{"line":31,"column":45}},{"start":{"line":31,"column":49},"end":{"line":31,"column":58}}],"line":31},"3":{"loc":{"start":{"line":32,"column":15},"end":{"line":32,"column":38}},"type":"binary-expr","locations":[{"start":{"line":32,"column":15},"end":{"line":32,"column":32}},{"start":{"line":32,"column":36},"end":{"line":32,"column":38}}],"line":32},"4":{"loc":{"start":{"line":38,"column":24},"end":{"line":38,"column":46}},"type":"binary-expr","locations":[{"start":{"line":38,"column":24},"end":{"line":38,"column":40}},{"start":{"line":38,"column":44},"end":{"line":38,"column":46}}],"line":38},"5":{"loc":{"start":{"line":39,"column":2},"end":{"line":39,"column":62}},"type":"if","locations":[{"start":{"line":39,"column":2},"end":{"line":39,"column":62}},{"start":{},"end":{}}],"line":39},"6":{"loc":{"start":{"line":40,"column":2},"end":{"line":40,"column":73}},"type":"if","locations":[{"start":{"line":40,"column":2},"end":{"line":40,"column":73}},{"start":{},"end":{}}],"line":40},"7":{"loc":{"start":{"line":41,"column":2},"end":{"line":41,"column":115}},"type":"if","locations":[{"start":{"line":41,"column":2},"end":{"line":41,"column":115}},{"start":{},"end":{}}],"line":41},"8":{"loc":{"start":{"line":41,"column":6},"end":{"line":41,"column":46}},"type":"binary-expr","locations":[{"start":{"line":41,"column":6},"end":{"line":41,"column":24}},{"start":{"line":41,"column":28},"end":{"line":41,"column":46}}],"line":41},"9":{"loc":{"start":{"line":42,"column":12},"end":{"line":42,"column":43}},"type":"binary-expr","locations":[{"start":{"line":42,"column":12},"end":{"line":42,"column":30}},{"start":{"line":42,"column":34},"end":{"line":42,"column":43}}],"line":42},"10":{"loc":{"start":{"line":50,"column":24},"end":{"line":50,"column":46}},"type":"binary-expr","locations":[{"start":{"line":50,"column":24},"end":{"line":50,"column":40}},{"start":{"line":50,"column":44},"end":{"line":50,"column":46}}],"line":50},"11":{"loc":{"start":{"line":51,"column":2},"end":{"line":51,"column":62}},"type":"if","locations":[{"start":{"line":51,"column":2},"end":{"line":51,"column":62}},{"start":{},"end":{}}],"line":51},"12":{"loc":{"start":{"line":52,"column":2},"end":{"line":52,"column":73}},"type":"if","locations":[{"start":{"line":52,"column":2},"end":{"line":52,"column":73}},{"start":{},"end":{}}],"line":52},"13":{"loc":{"start":{"line":53,"column":12},"end":{"line":53,"column":43}},"type":"binary-expr","locations":[{"start":{"line":53,"column":12},"end":{"line":53,"column":30}},{"start":{"line":53,"column":34},"end":{"line":53,"column":43}}],"line":53},"14":{"loc":{"start":{"line":56,"column":2},"end":{"line":56,"column":39}},"type":"if","locations":[{"start":{"line":56,"column":2},"end":{"line":56,"column":39}},{"start":{},"end":{}}],"line":56},"15":{"loc":{"start":{"line":64,"column":2},"end":{"line":64,"column":62}},"type":"if","locations":[{"start":{"line":64,"column":2},"end":{"line":64,"column":62}},{"start":{},"end":{}}],"line":64},"16":{"loc":{"start":{"line":65,"column":41},"end":{"line":65,"column":55}},"type":"binary-expr","locations":[{"start":{"line":65,"column":41},"end":{"line":65,"column":49}},{"start":{"line":65,"column":53},"end":{"line":65,"column":55}}],"line":65},"17":{"loc":{"start":{"line":66,"column":2},"end":{"line":66,"column":83}},"type":"if","locations":[{"start":{"line":66,"column":2},"end":{"line":66,"column":83}},{"start":{},"end":{}}],"line":66},"18":{"loc":{"start":{"line":68,"column":2},"end":{"line":68,"column":76}},"type":"if","locations":[{"start":{"line":68,"column":2},"end":{"line":68,"column":76}},{"start":{},"end":{}}],"line":68}},"s":{"0":1,"1":1,"2":1,"3":1,"4":0,"5":1,"6":1,"7":1,"8":1,"9":1,"10":1,"11":1,"12":1,"13":1,"14":0,"15":1,"16":1,"17":1,"18":1,"19":1,"20":1,"21":1,"22":1,"23":1,"24":0,"25":1,"26":0,"27":1,"28":0,"29":1,"30":1,"31":1,"32":1,"33":1,"34":0,"35":0,"36":0,"37":0,"38":0,"39":0,"40":0,"41":0,"42":0,"43":0,"44":0,"45":0,"46":1,"47":1,"48":0,"49":0,"50":0,"51":0,"52":0,"53":0,"54":0,"55":0,"56":0,"57":0},"f":{"0":1,"1":1,"2":1,"3":1,"4":0,"5":0},"b":{"0":[0,1],"1":[0,1],"2":[1,0],"3":[1,0],"4":[1,0],"5":[0,1],"6":[0,1],"7":[0,1],"8":[1,0],"9":[1,0],"10":[0,0],"11":[0,0],"12":[0,0],"13":[0,0],"14":[0,0],"15":[0,0],"16":[0,0],"17":[0,0],"18":[0,0]},"inputSourceMap":null,"_coverageSchema":"1a1c01bbd47fc00a2c39e90264f33305004495a9","hash":"f66c7c488d492815f0d032ce576dc0012b9a714a"}
,"C:\\Users\\brenn\\OneDrive - National University of Singapore\\1NUS\\Y4S1\\CS3219 Software Engineering Principles and Patterns\\Project\\PeerPrep Codebase\\collaboration-service\\src\\repos\\memoryRepo.js": {"path":"C:\\Users\\brenn\\OneDrive - National University of Singapore\\1NUS\\Y4S1\\CS3219 Software Engineering Principles and Patterns\\Project\\PeerPrep Codebase\\collaboration-service\\src\\repos\\memoryRepo.js","statementMap":{"0":{"start":{"line":1,"column":24},"end":{"line":1,"column":33}},"1":{"start":{"line":2,"column":24},"end":{"line":2,"column":33}},"2":{"start":{"line":3,"column":25},"end":{"line":3,"column":34}},"3":{"start":{"line":4,"column":23},"end":{"line":4,"column":32}},"4":{"start":{"line":5,"column":28},"end":{"line":5,"column":37}},"5":{"start":{"line":6,"column":23},"end":{"line":6,"column":32}}},"fnMap":{},"branchMap":{},"s":{"0":1,"1":1,"2":1,"3":1,"4":1,"5":1},"f":{},"b":{},"inputSourceMap":null,"_coverageSchema":"1a1c01bbd47fc00a2c39e90264f33305004495a9","hash":"6ca148241c70fc4d2ba059932984187f2d13213a"}
,"C:\\Users\\brenn\\OneDrive - National University of Singapore\\1NUS\\Y4S1\\CS3219 Software Engineering Principles and Patterns\\Project\\PeerPrep Codebase\\collaboration-service\\src\\routes\\collaboration.js": {"path":"C:\\Users\\brenn\\OneDrive - National University of Singapore\\1NUS\\Y4S1\\CS3219 Software Engineering Principles and Patterns\\Project\\PeerPrep Codebase\\collaboration-service\\src\\routes\\collaboration.js","statementMap":{"0":{"start":{"line":5,"column":10},"end":{"line":5,"column":18}},"1":{"start":{"line":7,"column":0},"end":{"line":7,"column":35}},"2":{"start":{"line":8,"column":0},"end":{"line":8,"column":35}},"3":{"start":{"line":9,"column":0},"end":{"line":9,"column":42}},"4":{"start":{"line":10,"column":0},"end":{"line":10,"column":44}},"5":{"start":{"line":11,"column":0},"end":{"line":11,"column":41}}},"fnMap":{},"branchMap":{},"s":{"0":1,"1":1,"2":1,"3":1,"4":1,"5":1},"f":{},"b":{},"inputSourceMap":null,"_coverageSchema":"1a1c01bbd47fc00a2c39e90264f33305004495a9","hash":"1e4f1d4e9c56a3cfb333192f8ae6deb91e2ac17e"}
,"C:\\Users\\brenn\\OneDrive - National University of Singapore\\1NUS\\Y4S1\\CS3219 Software Engineering Principles and Patterns\\Project\\PeerPrep Codebase\\collaboration-service\\src\\services\\documentService.js": {"path":"C:\\Users\\brenn\\OneDrive - National University of Singapore\\1NUS\\Y4S1\\CS3219 Software Engineering Principles and Patterns\\Project\\PeerPrep Codebase\\collaboration-service\\src\\services\\documentService.js","statementMap":{"0":{"start":{"line":3,"column":2},"end":{"line":3,"column":76}},"1":{"start":{"line":3,"column":29},"end":{"line":3,"column":76}},"2":{"start":{"line":4,"column":2},"end":{"line":4,"column":30}},"3":{"start":{"line":8,"column":2},"end":{"line":8,"column":70}},"4":{"start":{"line":8,"column":34},"end":{"line":8,"column":70}},"5":{"start":{"line":9,"column":2},"end":{"line":17,"column":3}},"6":{"start":{"line":10,"column":4},"end":{"line":10,"column":74}},"7":{"start":{"line":10,"column":36},"end":{"line":10,"column":74}},"8":{"start":{"line":11,"column":4},"end":{"line":11,"column":80}},"9":{"start":{"line":12,"column":9},"end":{"line":17,"column":3}},"10":{"start":{"line":13,"column":4},"end":{"line":13,"column":87}},"11":{"start":{"line":13,"column":48},"end":{"line":13,"column":87}},"12":{"start":{"line":14,"column":4},"end":{"line":14,"column":82}},"13":{"start":{"line":16,"column":4},"end":{"line":16,"column":34}},"14":{"start":{"line":18,"column":2},"end":{"line":18,"column":19}},"15":{"start":{"line":19,"column":2},"end":{"line":19,"column":13}}},"fnMap":{"0":{"name":"getOrCreateDoc","decl":{"start":{"line":2,"column":16},"end":{"line":2,"column":30}},"loc":{"start":{"line":2,"column":49},"end":{"line":5,"column":1}},"line":2},"1":{"name":"applyOp","decl":{"start":{"line":7,"column":16},"end":{"line":7,"column":23}},"loc":{"start":{"line":7,"column":33},"end":{"line":20,"column":1}},"line":7}},"branchMap":{"0":{"loc":{"start":{"line":3,"column":2},"end":{"line":3,"column":76}},"type":"if","locations":[{"start":{"line":3,"column":2},"end":{"line":3,"column":76}},{"start":{},"end":{}}],"line":3},"1":{"loc":{"start":{"line":8,"column":2},"end":{"line":8,"column":70}},"type":"if","locations":[{"start":{"line":8,"column":2},"end":{"line":8,"column":70}},{"start":{},"end":{}}],"line":8},"2":{"loc":{"start":{"line":9,"column":2},"end":{"line":17,"column":3}},"type":"if","locations":[{"start":{"line":9,"column":2},"end":{"line":17,"column":3}},{"start":{"line":12,"column":9},"end":{"line":17,"column":3}}],"line":9},"3":{"loc":{"start":{"line":10,"column":4},"end":{"line":10,"column":74}},"type":"if","locations":[{"start":{"line":10,"column":4},"end":{"line":10,"column":74}},{"start":{},"end":{}}],"line":10},"4":{"loc":{"start":{"line":12,"column":9},"end":{"line":17,"column":3}},"type":"if","locations":[{"start":{"line":12,"column":9},"end":{"line":17,"column":3}},{"start":{"line":15,"column":9},"end":{"line":17,"column":3}}],"line":12},"5":{"loc":{"start":{"line":13,"column":4},"end":{"line":13,"column":87}},"type":"if","locations":[{"start":{"line":13,"column":4},"end":{"line":13,"column":87}},{"start":{},"end":{}}],"line":13}},"s":{"0":1,"1":0,"2":1,"3":2,"4":0,"5":2,"6":1,"7":0,"8":1,"9":1,"10":1,"11":0,"12":1,"13":0,"14":2,"15":2},"f":{"0":1,"1":2},"b":{"0":[0,1],"1":[0,2],"2":[1,1],"3":[0,1],"4":[1,0],"5":[0,1]},"inputSourceMap":null,"_coverageSchema":"1a1c01bbd47fc00a2c39e90264f33305004495a9","hash":"7b3abf7a301e190057388abd390f18a9f1a16bbf"}
,"C:\\Users\\brenn\\OneDrive - National University of Singapore\\1NUS\\Y4S1\\CS3219 Software Engineering Principles and Patterns\\Project\\PeerPrep Codebase\\collaboration-service\\src\\services\\executionService.js": {"path":"C:\\Users\\brenn\\OneDrive - National University of Singapore\\1NUS\\Y4S1\\CS3219 Software Engineering Principles and Patterns\\Project\\PeerPrep Codebase\\collaboration-service\\src\\services\\executionService.js","statementMap":{"0":{"start":{"line":5,"column":2},"end":{"line":5,"column":50}},"1":{"start":{"line":5,"column":28},"end":{"line":5,"column":50}},"2":{"start":{"line":6,"column":2},"end":{"line":6,"column":29}},"3":{"start":{"line":7,"column":2},"end":{"line":18,"column":3}},"4":{"start":{"line":8,"column":4},"end":{"line":8,"column":49}},"5":{"start":{"line":8,"column":29},"end":{"line":8,"column":47}},"6":{"start":{"line":9,"column":18},"end":{"line":9,"column":30}},"7":{"start":{"line":10,"column":15},"end":{"line":10,"column":25}},"8":{"start":{"line":11,"column":19},"end":{"line":11,"column":74}},"9":{"start":{"line":12,"column":16},"end":{"line":12,"column":41}},"10":{"start":{"line":13,"column":4},"end":{"line":13,"column":36}},"11":{"start":{"line":14,"column":4},"end":{"line":14,"column":29}},"12":{"start":{"line":15,"column":4},"end":{"line":15,"column":55}},"13":{"start":{"line":17,"column":4},"end":{"line":17,"column":32}}},"fnMap":{"0":{"name":"runOnce","decl":{"start":{"line":4,"column":22},"end":{"line":4,"column":29}},"loc":{"start":{"line":4,"column":70},"end":{"line":19,"column":1}},"line":4},"1":{"name":"(anonymous_1)","decl":{"start":{"line":8,"column":22},"end":{"line":8,"column":23}},"loc":{"start":{"line":8,"column":29},"end":{"line":8,"column":47}},"line":8}},"branchMap":{"0":{"loc":{"start":{"line":5,"column":2},"end":{"line":5,"column":50}},"type":"if","locations":[{"start":{"line":5,"column":2},"end":{"line":5,"column":50}},{"start":{},"end":{}}],"line":5},"1":{"loc":{"start":{"line":11,"column":48},"end":{"line":11,"column":58}},"type":"binary-expr","locations":[{"start":{"line":11,"column":48},"end":{"line":11,"column":52}},{"start":{"line":11,"column":56},"end":{"line":11,"column":58}}],"line":11},"2":{"loc":{"start":{"line":12,"column":16},"end":{"line":12,"column":41}},"type":"binary-expr","locations":[{"start":{"line":12,"column":16},"end":{"line":12,"column":35}},{"start":{"line":12,"column":39},"end":{"line":12,"column":41}}],"line":12}},"s":{"0":2,"1":1,"2":1,"3":1,"4":1,"5":1,"6":1,"7":1,"8":1,"9":1,"10":1,"11":1,"12":1,"13":1},"f":{"0":2,"1":1},"b":{"0":[1,1],"1":[1,0],"2":[1,1]},"inputSourceMap":null,"_coverageSchema":"1a1c01bbd47fc00a2c39e90264f33305004495a9","hash":"8e5acf12c8c27fa20fcc706cf0666762ac4b629f"}
,"C:\\Users\\brenn\\OneDrive - National University of Singapore\\1NUS\\Y4S1\\CS3219 Software Engineering Principles and Patterns\\Project\\PeerPrep Codebase\\collaboration-service\\src\\services\\sessionService.js": {"path":"C:\\Users\\brenn\\OneDrive - National University of Singapore\\1NUS\\Y4S1\\CS3219 Software Engineering Principles and Patterns\\Project\\PeerPrep Codebase\\collaboration-service\\src\\services\\sessionService.js","statementMap":{"0":{"start":{"line":2,"column":37},"end":{"line":2,"column":115}}},"fnMap":{"0":{"name":"createSession","decl":{"start":{"line":2,"column":16},"end":{"line":2,"column":29}},"loc":{"start":{"line":2,"column":35},"end":{"line":2,"column":117}},"line":2}},"branchMap":{},"s":{"0":1},"f":{"0":1},"b":{},"inputSourceMap":null,"_coverageSchema":"1a1c01bbd47fc00a2c39e90264f33305004495a9","hash":"05fcbd3625344064c234c81e1a848af5a90c6064"}
}
