{"C:\\Users\\ANUJ GANDHI\\OneDrive\\Desktop\\cs3219-ay2526s1-project-g25\\question-service\\src\\server.js": {"path":"C:\\Users\\ANUJ GANDHI\\OneDrive\\Desktop\\cs3219-ay2526s1-project-g25\\question-service\\src\\server.js","statementMap":{"0":{"start":{"line":7,"column":12},"end":{"line":7,"column":21}},"1":{"start":{"line":8,"column":0},"end":{"line":8,"column":40}},"2":{"start":{"line":10,"column":0},"end":{"line":10,"column":39}},"3":{"start":{"line":13,"column":0},"end":{"line":13,"column":61}},"4":{"start":{"line":13,"column":33},"end":{"line":13,"column":59}},"5":{"start":{"line":16,"column":13},"end":{"line":16,"column":37}},"6":{"start":{"line":17,"column":0},"end":{"line":21,"column":1}},"7":{"start":{"line":18,"column":2},"end":{"line":20,"column":5}},"8":{"start":{"line":19,"column":4},"end":{"line":19,"column":62}}},"fnMap":{"0":{"name":"(anonymous_0)","decl":{"start":{"line":13,"column":19},"end":{"line":13,"column":20}},"loc":{"start":{"line":13,"column":33},"end":{"line":13,"column":59}},"line":13},"1":{"name":"(anonymous_1)","decl":{"start":{"line":18,"column":19},"end":{"line":18,"column":20}},"loc":{"start":{"line":18,"column":25},"end":{"line":20,"column":3}},"line":18}},"branchMap":{"0":{"loc":{"start":{"line":16,"column":13},"end":{"line":16,"column":37}},"type":"binary-expr","locations":[{"start":{"line":16,"column":13},"end":{"line":16,"column":29}},{"start":{"line":16,"column":33},"end":{"line":16,"column":37}}],"line":16},"1":{"loc":{"start":{"line":17,"column":0},"end":{"line":21,"column":1}},"type":"if","locations":[{"start":{"line":17,"column":0},"end":{"line":21,"column":1}},{"start":{},"end":{}}],"line":17}},"s":{"0":2,"1":2,"2":2,"3":2,"4":1,"5":2,"6":2,"7":0,"8":0},"f":{"0":1,"1":0},"b":{"0":[2,2],"1":[0,2]},"inputSourceMap":null,"_coverageSchema":"1a1c01bbd47fc00a2c39e90264f33305004495a9","hash":"571a1dd5c48e8ab15cd3f2279e11b79805027ada"}
,"C:\\Users\\ANUJ GANDHI\\OneDrive\\Desktop\\cs3219-ay2526s1-project-g25\\question-service\\src\\controllers\\questionsController.js": {"path":"C:\\Users\\ANUJ GANDHI\\OneDrive\\Desktop\\cs3219-ay2526s1-project-g25\\question-service\\src\\controllers\\questionsController.js","statementMap":{"0":{"start":{"line":10,"column":2},"end":{"line":31,"column":3}},"1":{"start":{"line":11,"column":66},"end":{"line":11,"column":74}},"2":{"start":{"line":14,"column":20},"end":{"line":14,"column":73}},"3":{"start":{"line":16,"column":28},"end":{"line":20,"column":15}},"4":{"start":{"line":22,"column":4},"end":{"line":25,"column":5}},"5":{"start":{"line":23,"column":6},"end":{"line":23,"column":53}},"6":{"start":{"line":24,"column":6},"end":{"line":24,"column":87}},"7":{"start":{"line":27,"column":4},"end":{"line":27,"column":38}},"8":{"start":{"line":29,"column":4},"end":{"line":29,"column":23}},"9":{"start":{"line":30,"column":4},"end":{"line":30,"column":68}},"10":{"start":{"line":38,"column":2},"end":{"line":58,"column":3}},"11":{"start":{"line":39,"column":19},"end":{"line":39,"column":29}},"12":{"start":{"line":40,"column":4},"end":{"line":40,"column":76}},"13":{"start":{"line":40,"column":13},"end":{"line":40,"column":76}},"14":{"start":{"line":42,"column":28},"end":{"line":46,"column":20}},"15":{"start":{"line":48,"column":4},"end":{"line":51,"column":5}},"16":{"start":{"line":49,"column":6},"end":{"line":49,"column":53}},"17":{"start":{"line":50,"column":6},"end":{"line":50,"column":63}},"18":{"start":{"line":52,"column":4},"end":{"line":52,"column":76}},"19":{"start":{"line":52,"column":15},"end":{"line":52,"column":76}},"20":{"start":{"line":54,"column":4},"end":{"line":54,"column":26}},"21":{"start":{"line":56,"column":4},"end":{"line":56,"column":23}},"22":{"start":{"line":57,"column":4},"end":{"line":57,"column":68}},"23":{"start":{"line":65,"column":2},"end":{"line":83,"column":3}},"24":{"start":{"line":66,"column":34},"end":{"line":66,"column":43}},"25":{"start":{"line":67,"column":12},"end":{"line":67,"column":50}},"26":{"start":{"line":69,"column":4},"end":{"line":69,"column":40}},"27":{"start":{"line":69,"column":15},"end":{"line":69,"column":40}},"28":{"start":{"line":70,"column":4},"end":{"line":70,"column":55}},"29":{"start":{"line":70,"column":20},"end":{"line":70,"column":55}},"30":{"start":{"line":72,"column":28},"end":{"line":72,"column":77}},"31":{"start":{"line":74,"column":4},"end":{"line":77,"column":5}},"32":{"start":{"line":75,"column":6},"end":{"line":75,"column":51}},"33":{"start":{"line":76,"column":6},"end":{"line":76,"column":63}},"34":{"start":{"line":79,"column":4},"end":{"line":79,"column":26}},"35":{"start":{"line":81,"column":4},"end":{"line":81,"column":23}},"36":{"start":{"line":82,"column":4},"end":{"line":82,"column":68}},"37":{"start":{"line":91,"column":2},"end":{"line":112,"column":3}},"38":{"start":{"line":92,"column":34},"end":{"line":92,"column":43}},"39":{"start":{"line":93,"column":12},"end":{"line":93,"column":50}},"40":{"start":{"line":95,"column":4},"end":{"line":95,"column":40}},"41":{"start":{"line":95,"column":15},"end":{"line":95,"column":40}},"42":{"start":{"line":96,"column":4},"end":{"line":96,"column":55}},"43":{"start":{"line":96,"column":20},"end":{"line":96,"column":55}},"44":{"start":{"line":98,"column":28},"end":{"line":98,"column":35}},"45":{"start":{"line":99,"column":4},"end":{"line":102,"column":5}},"46":{"start":{"line":100,"column":6},"end":{"line":100,"column":60}},"47":{"start":{"line":101,"column":6},"end":{"line":101,"column":63}},"48":{"start":{"line":103,"column":4},"end":{"line":105,"column":5}},"49":{"start":{"line":104,"column":6},"end":{"line":104,"column":85}},"50":{"start":{"line":107,"column":16},"end":{"line":107,"column":55}},"51":{"start":{"line":108,"column":4},"end":{"line":108,"column":31}},"52":{"start":{"line":110,"column":4},"end":{"line":110,"column":23}},"53":{"start":{"line":111,"column":4},"end":{"line":111,"column":68}},"54":{"start":{"line":120,"column":2},"end":{"line":154,"column":3}},"55":{"start":{"line":121,"column":19},"end":{"line":121,"column":29}},"56":{"start":{"line":122,"column":20},"end":{"line":122,"column":22}},"57":{"start":{"line":123,"column":20},"end":{"line":123,"column":77}},"58":{"start":{"line":124,"column":4},"end":{"line":126,"column":7}},"59":{"start":{"line":125,"column":6},"end":{"line":125,"column":62}},"60":{"start":{"line":125,"column":37},"end":{"line":125,"column":62}},"61":{"start":{"line":128,"column":4},"end":{"line":130,"column":5}},"62":{"start":{"line":129,"column":6},"end":{"line":129,"column":77}},"63":{"start":{"line":133,"column":4},"end":{"line":135,"column":5}},"64":{"start":{"line":134,"column":6},"end":{"line":134,"column":74}},"65":{"start":{"line":137,"column":28},"end":{"line":142,"column":13}},"66":{"start":{"line":144,"column":4},"end":{"line":147,"column":5}},"67":{"start":{"line":145,"column":6},"end":{"line":145,"column":53}},"68":{"start":{"line":146,"column":6},"end":{"line":146,"column":87}},"69":{"start":{"line":148,"column":4},"end":{"line":148,"column":76}},"70":{"start":{"line":148,"column":15},"end":{"line":148,"column":76}},"71":{"start":{"line":150,"column":4},"end":{"line":150,"column":26}},"72":{"start":{"line":152,"column":4},"end":{"line":152,"column":23}},"73":{"start":{"line":153,"column":4},"end":{"line":153,"column":68}},"74":{"start":{"line":161,"column":2},"end":{"line":174,"column":3}},"75":{"start":{"line":162,"column":19},"end":{"line":162,"column":29}},"76":{"start":{"line":163,"column":22},"end":{"line":163,"column":76}},"77":{"start":{"line":164,"column":4},"end":{"line":167,"column":5}},"78":{"start":{"line":165,"column":6},"end":{"line":165,"column":53}},"79":{"start":{"line":166,"column":6},"end":{"line":166,"column":87}},"80":{"start":{"line":170,"column":4},"end":{"line":170,"column":34}},"81":{"start":{"line":172,"column":4},"end":{"line":172,"column":23}},"82":{"start":{"line":173,"column":4},"end":{"line":173,"column":68}}},"fnMap":{"0":{"name":"createQuestion","decl":{"start":{"line":9,"column":22},"end":{"line":9,"column":36}},"loc":{"start":{"line":9,"column":47},"end":{"line":32,"column":1}},"line":9},"1":{"name":"getQuestionById","decl":{"start":{"line":37,"column":22},"end":{"line":37,"column":37}},"loc":{"start":{"line":37,"column":48},"end":{"line":59,"column":1}},"line":37},"2":{"name":"listQuestions","decl":{"start":{"line":64,"column":22},"end":{"line":64,"column":35}},"loc":{"start":{"line":64,"column":46},"end":{"line":84,"column":1}},"line":64},"3":{"name":"getRandomQuestion","decl":{"start":{"line":90,"column":22},"end":{"line":90,"column":39}},"loc":{"start":{"line":90,"column":50},"end":{"line":113,"column":1}},"line":90},"4":{"name":"updateQuestion","decl":{"start":{"line":119,"column":22},"end":{"line":119,"column":36}},"loc":{"start":{"line":119,"column":47},"end":{"line":155,"column":1}},"line":119},"5":{"name":"(anonymous_5)","decl":{"start":{"line":124,"column":20},"end":{"line":124,"column":21}},"loc":{"start":{"line":124,"column":25},"end":{"line":126,"column":5}},"line":124},"6":{"name":"deleteQuestion","decl":{"start":{"line":160,"column":22},"end":{"line":160,"column":36}},"loc":{"start":{"line":160,"column":47},"end":{"line":175,"column":1}},"line":160}},"branchMap":{"0":{"loc":{"start":{"line":22,"column":4},"end":{"line":25,"column":5}},"type":"if","locations":[{"start":{"line":22,"column":4},"end":{"line":25,"column":5}},{"start":{},"end":{}}],"line":22},"1":{"loc":{"start":{"line":40,"column":4},"end":{"line":40,"column":76}},"type":"if","locations":[{"start":{"line":40,"column":4},"end":{"line":40,"column":76}},{"start":{},"end":{}}],"line":40},"2":{"loc":{"start":{"line":48,"column":4},"end":{"line":51,"column":5}},"type":"if","locations":[{"start":{"line":48,"column":4},"end":{"line":51,"column":5}},{"start":{},"end":{}}],"line":48},"3":{"loc":{"start":{"line":52,"column":4},"end":{"line":52,"column":76}},"type":"if","locations":[{"start":{"line":52,"column":4},"end":{"line":52,"column":76}},{"start":{},"end":{}}],"line":52},"4":{"loc":{"start":{"line":69,"column":4},"end":{"line":69,"column":40}},"type":"if","locations":[{"start":{"line":69,"column":4},"end":{"line":69,"column":40}},{"start":{},"end":{}}],"line":69},"5":{"loc":{"start":{"line":70,"column":4},"end":{"line":70,"column":55}},"type":"if","locations":[{"start":{"line":70,"column":4},"end":{"line":70,"column":55}},{"start":{},"end":{}}],"line":70},"6":{"loc":{"start":{"line":74,"column":4},"end":{"line":77,"column":5}},"type":"if","locations":[{"start":{"line":74,"column":4},"end":{"line":77,"column":5}},{"start":{},"end":{}}],"line":74},"7":{"loc":{"start":{"line":95,"column":4},"end":{"line":95,"column":40}},"type":"if","locations":[{"start":{"line":95,"column":4},"end":{"line":95,"column":40}},{"start":{},"end":{}}],"line":95},"8":{"loc":{"start":{"line":96,"column":4},"end":{"line":96,"column":55}},"type":"if","locations":[{"start":{"line":96,"column":4},"end":{"line":96,"column":55}},{"start":{},"end":{}}],"line":96},"9":{"loc":{"start":{"line":99,"column":4},"end":{"line":102,"column":5}},"type":"if","locations":[{"start":{"line":99,"column":4},"end":{"line":102,"column":5}},{"start":{},"end":{}}],"line":99},"10":{"loc":{"start":{"line":103,"column":4},"end":{"line":105,"column":5}},"type":"if","locations":[{"start":{"line":103,"column":4},"end":{"line":105,"column":5}},{"start":{},"end":{}}],"line":103},"11":{"loc":{"start":{"line":103,"column":8},"end":{"line":103,"column":34}},"type":"binary-expr","locations":[{"start":{"line":103,"column":8},"end":{"line":103,"column":13}},{"start":{"line":103,"column":17},"end":{"line":103,"column":34}}],"line":103},"12":{"loc":{"start":{"line":125,"column":6},"end":{"line":125,"column":62}},"type":"if","locations":[{"start":{"line":125,"column":6},"end":{"line":125,"column":62}},{"start":{},"end":{}}],"line":125},"13":{"loc":{"start":{"line":128,"column":4},"end":{"line":130,"column":5}},"type":"if","locations":[{"start":{"line":128,"column":4},"end":{"line":130,"column":5}},{"start":{},"end":{}}],"line":128},"14":{"loc":{"start":{"line":133,"column":4},"end":{"line":135,"column":5}},"type":"if","locations":[{"start":{"line":133,"column":4},"end":{"line":135,"column":5}},{"start":{},"end":{}}],"line":133},"15":{"loc":{"start":{"line":133,"column":8},"end":{"line":133,"column":41}},"type":"binary-expr","locations":[{"start":{"line":133,"column":8},"end":{"line":133,"column":19}},{"start":{"line":133,"column":23},"end":{"line":133,"column":41}}],"line":133},"16":{"loc":{"start":{"line":144,"column":4},"end":{"line":147,"column":5}},"type":"if","locations":[{"start":{"line":144,"column":4},"end":{"line":147,"column":5}},{"start":{},"end":{}}],"line":144},"17":{"loc":{"start":{"line":148,"column":4},"end":{"line":148,"column":76}},"type":"if","locations":[{"start":{"line":148,"column":4},"end":{"line":148,"column":76}},{"start":{},"end":{}}],"line":148},"18":{"loc":{"start":{"line":164,"column":4},"end":{"line":167,"column":5}},"type":"if","locations":[{"start":{"line":164,"column":4},"end":{"line":167,"column":5}},{"start":{},"end":{}}],"line":164}},"s":{"0":3,"1":3,"2":3,"3":3,"4":3,"5":1,"6":1,"7":2,"8":0,"9":0,"10":3,"11":3,"12":3,"13":0,"14":3,"15":2,"16":1,"17":1,"18":1,"19":1,"20":0,"21":1,"22":1,"23":3,"24":3,"25":3,"26":2,"27":1,"28":2,"29":1,"30":2,"31":2,"32":1,"33":1,"34":1,"35":1,"36":1,"37":3,"38":3,"39":3,"40":3,"41":1,"42":3,"43":1,"44":3,"45":3,"46":1,"47":1,"48":2,"49":1,"50":1,"51":1,"52":0,"53":0,"54":4,"55":4,"56":4,"57":4,"58":4,"59":20,"60":4,"61":4,"62":0,"63":4,"64":1,"65":3,"66":3,"67":1,"68":1,"69":2,"70":1,"71":1,"72":0,"73":0,"74":2,"75":2,"76":2,"77":2,"78":1,"79":1,"80":1,"81":0,"82":0},"f":{"0":3,"1":3,"2":3,"3":3,"4":4,"5":20,"6":2},"b":{"0":[1,2],"1":[0,3],"2":[1,1],"3":[1,0],"4":[1,1],"5":[1,1],"6":[1,1],"7":[1,2],"8":[1,2],"9":[1,2],"10":[1,1],"11":[2,2],"12":[4,16],"13":[0,4],"14":[1,3],"15":[4,1],"16":[1,2],"17":[1,1],"18":[1,1]},"inputSourceMap":null,"_coverageSchema":"1a1c01bbd47fc00a2c39e90264f33305004495a9","hash":"fb0bf6676711d0b0ea89bf9ed7878750fecbbd3a"}
,"C:\\Users\\ANUJ GANDHI\\OneDrive\\Desktop\\cs3219-ay2526s1-project-g25\\question-service\\src\\middleware\\validateQuestion.js": {"path":"C:\\Users\\ANUJ GANDHI\\OneDrive\\Desktop\\cs3219-ay2526s1-project-g25\\question-service\\src\\middleware\\validateQuestion.js","statementMap":{"0":{"start":{"line":3,"column":18},"end":{"line":3,"column":26}},"1":{"start":{"line":4,"column":18},"end":{"line":4,"column":20}},"2":{"start":{"line":6,"column":2},"end":{"line":8,"column":3}},"3":{"start":{"line":7,"column":4},"end":{"line":7,"column":26}},"4":{"start":{"line":9,"column":2},"end":{"line":11,"column":3}},"5":{"start":{"line":10,"column":4},"end":{"line":10,"column":32}},"6":{"start":{"line":12,"column":2},"end":{"line":14,"column":3}},"7":{"start":{"line":13,"column":4},"end":{"line":13,"column":68}},"8":{"start":{"line":15,"column":2},"end":{"line":17,"column":3}},"9":{"start":{"line":16,"column":4},"end":{"line":16,"column":26}},"10":{"start":{"line":18,"column":2},"end":{"line":30,"column":3}},"11":{"start":{"line":19,"column":4},"end":{"line":19,"column":31}},"12":{"start":{"line":23,"column":4},"end":{"line":29,"column":5}},"13":{"start":{"line":24,"column":17},"end":{"line":24,"column":109}},"14":{"start":{"line":25,"column":6},"end":{"line":26,"column":36}},"15":{"start":{"line":25,"column":49},"end":{"line":25,"column":109}},"16":{"start":{"line":26,"column":11},"end":{"line":26,"column":36}},"17":{"start":{"line":28,"column":6},"end":{"line":28,"column":48}},"18":{"start":{"line":32,"column":2},"end":{"line":34,"column":3}},"19":{"start":{"line":33,"column":4},"end":{"line":33,"column":89}},"20":{"start":{"line":35,"column":2},"end":{"line":35,"column":9}},"21":{"start":{"line":40,"column":18},"end":{"line":40,"column":26}},"22":{"start":{"line":41,"column":24},"end":{"line":41,"column":81}},"23":{"start":{"line":44,"column":19},"end":{"line":44,"column":78}},"24":{"start":{"line":44,"column":52},"end":{"line":44,"column":77}},"25":{"start":{"line":45,"column":2},"end":{"line":47,"column":3}},"26":{"start":{"line":46,"column":4},"end":{"line":46,"column":135}},"27":{"start":{"line":50,"column":2},"end":{"line":52,"column":3}},"28":{"start":{"line":51,"column":4},"end":{"line":51,"column":100}},"29":{"start":{"line":53,"column":2},"end":{"line":61,"column":3}},"30":{"start":{"line":54,"column":4},"end":{"line":60,"column":5}},"31":{"start":{"line":55,"column":17},"end":{"line":55,"column":109}},"32":{"start":{"line":56,"column":6},"end":{"line":56,"column":133}},"33":{"start":{"line":56,"column":49},"end":{"line":56,"column":133}},"34":{"start":{"line":57,"column":6},"end":{"line":57,"column":31}},"35":{"start":{"line":59,"column":6},"end":{"line":59,"column":72}},"36":{"start":{"line":62,"column":2},"end":{"line":62,"column":9}}},"fnMap":{"0":{"name":"validateCreateQuestion","decl":{"start":{"line":2,"column":16},"end":{"line":2,"column":38}},"loc":{"start":{"line":2,"column":55},"end":{"line":36,"column":1}},"line":2},"1":{"name":"validateUpdateQuestion","decl":{"start":{"line":38,"column":16},"end":{"line":38,"column":38}},"loc":{"start":{"line":38,"column":55},"end":{"line":63,"column":1}},"line":38},"2":{"name":"(anonymous_2)","decl":{"start":{"line":44,"column":47},"end":{"line":44,"column":48}},"loc":{"start":{"line":44,"column":52},"end":{"line":44,"column":77}},"line":44}},"branchMap":{"0":{"loc":{"start":{"line":6,"column":2},"end":{"line":8,"column":3}},"type":"if","locations":[{"start":{"line":6,"column":2},"end":{"line":8,"column":3}},{"start":{},"end":{}}],"line":6},"1":{"loc":{"start":{"line":6,"column":6},"end":{"line":6,"column":88}},"type":"binary-expr","locations":[{"start":{"line":6,"column":6},"end":{"line":6,"column":20}},{"start":{"line":6,"column":24},"end":{"line":6,"column":57}},{"start":{"line":6,"column":61},"end":{"line":6,"column":88}}],"line":6},"2":{"loc":{"start":{"line":9,"column":2},"end":{"line":11,"column":3}},"type":"if","locations":[{"start":{"line":9,"column":2},"end":{"line":11,"column":3}},{"start":{},"end":{}}],"line":9},"3":{"loc":{"start":{"line":9,"column":6},"end":{"line":9,"column":106}},"type":"binary-expr","locations":[{"start":{"line":9,"column":6},"end":{"line":9,"column":26}},{"start":{"line":9,"column":30},"end":{"line":9,"column":69}},{"start":{"line":9,"column":73},"end":{"line":9,"column":106}}],"line":9},"4":{"loc":{"start":{"line":12,"column":2},"end":{"line":14,"column":3}},"type":"if","locations":[{"start":{"line":12,"column":2},"end":{"line":14,"column":3}},{"start":{},"end":{}}],"line":12},"5":{"loc":{"start":{"line":12,"column":6},"end":{"line":12,"column":83}},"type":"binary-expr","locations":[{"start":{"line":12,"column":6},"end":{"line":12,"column":25}},{"start":{"line":12,"column":29},"end":{"line":12,"column":83}}],"line":12},"6":{"loc":{"start":{"line":15,"column":2},"end":{"line":17,"column":3}},"type":"if","locations":[{"start":{"line":15,"column":2},"end":{"line":17,"column":3}},{"start":{},"end":{}}],"line":15},"7":{"loc":{"start":{"line":15,"column":6},"end":{"line":15,"column":88}},"type":"binary-expr","locations":[{"start":{"line":15,"column":6},"end":{"line":15,"column":20}},{"start":{"line":15,"column":24},"end":{"line":15,"column":57}},{"start":{"line":15,"column":61},"end":{"line":15,"column":88}}],"line":15},"8":{"loc":{"start":{"line":18,"column":2},"end":{"line":30,"column":3}},"type":"if","locations":[{"start":{"line":18,"column":2},"end":{"line":30,"column":3}},{"start":{"line":20,"column":9},"end":{"line":30,"column":3}}],"line":18},"9":{"loc":{"start":{"line":24,"column":17},"end":{"line":24,"column":109}},"type":"cond-expr","locations":[{"start":{"line":24,"column":58},"end":{"line":24,"column":88}},{"start":{"line":24,"column":91},"end":{"line":24,"column":109}}],"line":24},"10":{"loc":{"start":{"line":25,"column":6},"end":{"line":26,"column":36}},"type":"if","locations":[{"start":{"line":25,"column":6},"end":{"line":26,"column":36}},{"start":{"line":26,"column":11},"end":{"line":26,"column":36}}],"line":25},"11":{"loc":{"start":{"line":25,"column":10},"end":{"line":25,"column":47}},"type":"binary-expr","locations":[{"start":{"line":25,"column":10},"end":{"line":25,"column":32}},{"start":{"line":25,"column":36},"end":{"line":25,"column":47}}],"line":25},"12":{"loc":{"start":{"line":32,"column":2},"end":{"line":34,"column":3}},"type":"if","locations":[{"start":{"line":32,"column":2},"end":{"line":34,"column":3}},{"start":{},"end":{}}],"line":32},"13":{"loc":{"start":{"line":45,"column":2},"end":{"line":47,"column":3}},"type":"if","locations":[{"start":{"line":45,"column":2},"end":{"line":47,"column":3}},{"start":{},"end":{}}],"line":45},"14":{"loc":{"start":{"line":50,"column":2},"end":{"line":52,"column":3}},"type":"if","locations":[{"start":{"line":50,"column":2},"end":{"line":52,"column":3}},{"start":{},"end":{}}],"line":50},"15":{"loc":{"start":{"line":50,"column":6},"end":{"line":50,"column":82}},"type":"binary-expr","locations":[{"start":{"line":50,"column":6},"end":{"line":50,"column":24}},{"start":{"line":50,"column":28},"end":{"line":50,"column":82}}],"line":50},"16":{"loc":{"start":{"line":53,"column":2},"end":{"line":61,"column":3}},"type":"if","locations":[{"start":{"line":53,"column":2},"end":{"line":61,"column":3}},{"start":{},"end":{}}],"line":53},"17":{"loc":{"start":{"line":55,"column":17},"end":{"line":55,"column":109}},"type":"cond-expr","locations":[{"start":{"line":55,"column":58},"end":{"line":55,"column":88}},{"start":{"line":55,"column":91},"end":{"line":55,"column":109}}],"line":55},"18":{"loc":{"start":{"line":56,"column":6},"end":{"line":56,"column":133}},"type":"if","locations":[{"start":{"line":56,"column":6},"end":{"line":56,"column":133}},{"start":{},"end":{}}],"line":56},"19":{"loc":{"start":{"line":56,"column":10},"end":{"line":56,"column":47}},"type":"binary-expr","locations":[{"start":{"line":56,"column":10},"end":{"line":56,"column":32}},{"start":{"line":56,"column":36},"end":{"line":56,"column":47}}],"line":56}},"s":{"0":9,"1":9,"2":9,"3":2,"4":9,"5":2,"6":9,"7":3,"8":9,"9":2,"10":9,"11":2,"12":7,"13":7,"14":6,"15":0,"16":6,"17":1,"18":9,"19":4,"20":5,"21":10,"22":10,"23":10,"24":11,"25":10,"26":2,"27":8,"28":1,"29":7,"30":2,"31":2,"32":1,"33":0,"34":1,"35":1,"36":6},"f":{"0":9,"1":10,"2":11},"b":{"0":[2,7],"1":[9,7,7],"2":[2,7],"3":[9,7,7],"4":[3,6],"5":[9,7],"6":[2,7],"7":[9,7,7],"8":[2,7],"9":[2,5],"10":[0,6],"11":[6,6],"12":[4,5],"13":[2,8],"14":[1,7],"15":[8,1],"16":[2,5],"17":[2,0],"18":[0,1],"19":[1,1]},"inputSourceMap":null,"_coverageSchema":"1a1c01bbd47fc00a2c39e90264f33305004495a9","hash":"6af55130c04406c0bf6a63382e703f7e969abe57"}
,"C:\\Users\\ANUJ GANDHI\\OneDrive\\Desktop\\cs3219-ay2526s1-project-g25\\question-service\\src\\routes\\questions.js": {"path":"C:\\Users\\ANUJ GANDHI\\OneDrive\\Desktop\\cs3219-ay2526s1-project-g25\\question-service\\src\\routes\\questions.js","statementMap":{"0":{"start":{"line":14,"column":15},"end":{"line":14,"column":31}},"1":{"start":{"line":18,"column":0},"end":{"line":18,"column":57}},"2":{"start":{"line":19,"column":0},"end":{"line":19,"column":31}},"3":{"start":{"line":20,"column":0},"end":{"line":20,"column":41}},"4":{"start":{"line":21,"column":0},"end":{"line":21,"column":36}},"5":{"start":{"line":22,"column":0},"end":{"line":22,"column":59}},"6":{"start":{"line":23,"column":0},"end":{"line":23,"column":38}}},"fnMap":{},"branchMap":{},"s":{"0":2,"1":2,"2":2,"3":2,"4":2,"5":2,"6":2},"f":{},"b":{},"inputSourceMap":null,"_coverageSchema":"1a1c01bbd47fc00a2c39e90264f33305004495a9","hash":"f2a446673cc616590766de2a3ecccacdca8c65cf"}
,"C:\\Users\\ANUJ GANDHI\\OneDrive\\Desktop\\cs3219-ay2526s1-project-g25\\question-service\\src\\services\\supabaseClient.js": {"path":"C:\\Users\\ANUJ GANDHI\\OneDrive\\Desktop\\cs3219-ay2526s1-project-g25\\question-service\\src\\services\\supabaseClient.js","statementMap":{"0":{"start":{"line":4,"column":20},"end":{"line":4,"column":44}},"1":{"start":{"line":5,"column":20},"end":{"line":5,"column":57}},"2":{"start":{"line":7,"column":0},"end":{"line":9,"column":1}},"3":{"start":{"line":8,"column":2},"end":{"line":8,"column":74}},"4":{"start":{"line":11,"column":24},"end":{"line":11,"column":62}}},"fnMap":{},"branchMap":{"0":{"loc":{"start":{"line":7,"column":0},"end":{"line":9,"column":1}},"type":"if","locations":[{"start":{"line":7,"column":0},"end":{"line":9,"column":1}},{"start":{},"end":{}}],"line":7},"1":{"loc":{"start":{"line":7,"column":4},"end":{"line":7,"column":32}},"type":"binary-expr","locations":[{"start":{"line":7,"column":4},"end":{"line":7,"column":16}},{"start":{"line":7,"column":20},"end":{"line":7,"column":32}}],"line":7}},"s":{"0":2,"1":2,"2":2,"3":0,"4":2},"f":{},"b":{"0":[0,2],"1":[2,2]},"inputSourceMap":null,"_coverageSchema":"1a1c01bbd47fc00a2c39e90264f33305004495a9","hash":"dff4253bca084e556943a77699f67a1e39f5b58e"}
}
