{"/Users/macbook/Documents/cs3219_peerprep/cs3219-ay2526s1-project-g25/user-service/controllers/authController.js": {"path":"/Users/macbook/Documents/cs3219_peerprep/cs3219-ay2526s1-project-g25/user-service/controllers/authController.js","statementMap":{"0":{"start":{"line":7,"column":22},"end":{"line":7,"column":80}},"1":{"start":{"line":8,"column":23},"end":{"line":8,"column":83}},"2":{"start":{"line":9,"column":17},"end":{"line":9,"column":64}},"3":{"start":{"line":10,"column":21},"end":{"line":10,"column":72}},"4":{"start":{"line":13,"column":2},"end":{"line":17,"column":27}},"5":{"start":{"line":20,"column":24},"end":{"line":53,"column":1}},"6":{"start":{"line":21,"column":17},"end":{"line":21,"column":38}},"7":{"start":{"line":22,"column":2},"end":{"line":22,"column":80}},"8":{"start":{"line":22,"column":25},"end":{"line":22,"column":80}},"9":{"start":{"line":24,"column":57},"end":{"line":24,"column":65}},"10":{"start":{"line":25,"column":2},"end":{"line":25,"column":102}},"11":{"start":{"line":25,"column":36},"end":{"line":25,"column":102}},"12":{"start":{"line":26,"column":2},"end":{"line":26,"column":94}},"13":{"start":{"line":26,"column":33},"end":{"line":26,"column":94}},"14":{"start":{"line":28,"column":29},"end":{"line":31,"column":52}},"15":{"start":{"line":33,"column":2},"end":{"line":35,"column":3}},"16":{"start":{"line":34,"column":4},"end":{"line":34,"column":79}},"17":{"start":{"line":37,"column":15},"end":{"line":37,"column":29}},"18":{"start":{"line":38,"column":23},"end":{"line":38,"column":51}},"19":{"start":{"line":40,"column":48},"end":{"line":43,"column":13}},"20":{"start":{"line":45,"column":2},"end":{"line":45,"column":102}},"21":{"start":{"line":45,"column":19},"end":{"line":45,"column":102}},"22":{"start":{"line":47,"column":16},"end":{"line":47,"column":104}},"23":{"start":{"line":48,"column":15},"end":{"line":48,"column":55}},"24":{"start":{"line":50,"column":2},"end":{"line":50,"column":111}},"25":{"start":{"line":52,"column":2},"end":{"line":52,"column":78}},"26":{"start":{"line":55,"column":27},"end":{"line":68,"column":1}},"27":{"start":{"line":56,"column":20},"end":{"line":56,"column":29}},"28":{"start":{"line":57,"column":2},"end":{"line":57,"column":71}},"29":{"start":{"line":57,"column":14},"end":{"line":57,"column":71}},"30":{"start":{"line":59,"column":2},"end":{"line":67,"column":3}},"31":{"start":{"line":60,"column":20},"end":{"line":60,"column":52}},"32":{"start":{"line":61,"column":4},"end":{"line":61,"column":92}},"33":{"start":{"line":61,"column":35},"end":{"line":61,"column":92}},"34":{"start":{"line":63,"column":4},"end":{"line":63,"column":85}},"35":{"start":{"line":64,"column":4},"end":{"line":64,"column":65}},"36":{"start":{"line":66,"column":4},"end":{"line":66,"column":65}},"37":{"start":{"line":71,"column":2},"end":{"line":71,"column":73}},"38":{"start":{"line":74,"column":2},"end":{"line":74,"column":66}},"39":{"start":{"line":77,"column":21},"end":{"line":97,"column":1}},"40":{"start":{"line":78,"column":35},"end":{"line":78,"column":43}},"41":{"start":{"line":80,"column":26},"end":{"line":84,"column":13}},"42":{"start":{"line":86,"column":15},"end":{"line":86,"column":32}},"43":{"start":{"line":87,"column":2},"end":{"line":87,"column":76}},"44":{"start":{"line":87,"column":13},"end":{"line":87,"column":76}},"45":{"start":{"line":88,"column":2},"end":{"line":88,"column":88}},"46":{"start":{"line":88,"column":23},"end":{"line":88,"column":88}},"47":{"start":{"line":89,"column":2},"end":{"line":89,"column":127}},"48":{"start":{"line":89,"column":64},"end":{"line":89,"column":127}},"49":{"start":{"line":91,"column":22},"end":{"line":91,"column":58}},"50":{"start":{"line":92,"column":23},"end":{"line":92,"column":48}},"51":{"start":{"line":94,"column":2},"end":{"line":94,"column":88}},"52":{"start":{"line":96,"column":2},"end":{"line":96,"column":108}},"53":{"start":{"line":99,"column":28},"end":{"line":120,"column":1}},"54":{"start":{"line":100,"column":27},"end":{"line":100,"column":35}},"55":{"start":{"line":101,"column":2},"end":{"line":101,"column":86}},"56":{"start":{"line":101,"column":21},"end":{"line":101,"column":86}},"57":{"start":{"line":103,"column":2},"end":{"line":119,"column":3}},"58":{"start":{"line":104,"column":20},"end":{"line":104,"column":60}},"59":{"start":{"line":106,"column":28},"end":{"line":111,"column":15}},"60":{"start":{"line":113,"column":4},"end":{"line":113,"column":103}},"61":{"start":{"line":113,"column":38},"end":{"line":113,"column":103}},"62":{"start":{"line":115,"column":22},"end":{"line":115,"column":69}},"63":{"start":{"line":116,"column":4},"end":{"line":116,"column":40}},"64":{"start":{"line":118,"column":4},"end":{"line":118,"column":73}},"65":{"start":{"line":122,"column":22},"end":{"line":133,"column":1}},"66":{"start":{"line":123,"column":27},"end":{"line":123,"column":35}},"67":{"start":{"line":124,"column":2},"end":{"line":124,"column":86}},"68":{"start":{"line":124,"column":21},"end":{"line":124,"column":86}},"69":{"start":{"line":126,"column":2},"end":{"line":132,"column":3}},"70":{"start":{"line":127,"column":20},"end":{"line":127,"column":60}},"71":{"start":{"line":128,"column":4},"end":{"line":128,"column":89}},"72":{"start":{"line":129,"column":4},"end":{"line":129,"column":39}},"73":{"start":{"line":131,"column":4},"end":{"line":131,"column":39}},"74":{"start":{"line":135,"column":36},"end":{"line":148,"column":1}},"75":{"start":{"line":136,"column":20},"end":{"line":136,"column":28}},"76":{"start":{"line":138,"column":26},"end":{"line":138,"column":94}},"77":{"start":{"line":139,"column":15},"end":{"line":139,"column":32}},"78":{"start":{"line":141,"column":2},"end":{"line":145,"column":3}},"79":{"start":{"line":142,"column":18},"end":{"line":142,"column":99}},"80":{"start":{"line":143,"column":17},"end":{"line":143,"column":69}},"81":{"start":{"line":144,"column":4},"end":{"line":144,"column":99}},"82":{"start":{"line":147,"column":2},"end":{"line":147,"column":70}},"83":{"start":{"line":150,"column":36},"end":{"line":166,"column":1}},"84":{"start":{"line":151,"column":33},"end":{"line":151,"column":41}},"85":{"start":{"line":152,"column":2},"end":{"line":152,"column":97}},"86":{"start":{"line":152,"column":36},"end":{"line":152,"column":97}},"87":{"start":{"line":154,"column":2},"end":{"line":165,"column":3}},"88":{"start":{"line":155,"column":20},"end":{"line":155,"column":52}},"89":{"start":{"line":156,"column":4},"end":{"line":156,"column":91}},"90":{"start":{"line":156,"column":34},"end":{"line":156,"column":91}},"91":{"start":{"line":158,"column":17},"end":{"line":158,"column":31}},"92":{"start":{"line":159,"column":17},"end":{"line":159,"column":48}},"93":{"start":{"line":161,"column":4},"end":{"line":161,"column":116}},"94":{"start":{"line":162,"column":4},"end":{"line":162,"column":54}},"95":{"start":{"line":164,"column":4},"end":{"line":164,"column":65}}},"fnMap":{"0":{"name":"passwordStrong","decl":{"start":{"line":12,"column":9},"end":{"line":12,"column":23}},"loc":{"start":{"line":12,"column":28},"end":{"line":18,"column":1}},"line":12},"1":{"name":"(anonymous_1)","decl":{"start":{"line":20,"column":24},"end":{"line":20,"column":25}},"loc":{"start":{"line":20,"column":44},"end":{"line":53,"column":1}},"line":20},"2":{"name":"(anonymous_2)","decl":{"start":{"line":55,"column":27},"end":{"line":55,"column":28}},"loc":{"start":{"line":55,"column":47},"end":{"line":68,"column":1}},"line":55},"3":{"name":"makeAccessToken","decl":{"start":{"line":70,"column":9},"end":{"line":70,"column":24}},"loc":{"start":{"line":70,"column":40},"end":{"line":72,"column":1}},"line":70},"4":{"name":"makeRefreshToken","decl":{"start":{"line":73,"column":9},"end":{"line":73,"column":25}},"loc":{"start":{"line":73,"column":34},"end":{"line":75,"column":1}},"line":73},"5":{"name":"(anonymous_5)","decl":{"start":{"line":77,"column":21},"end":{"line":77,"column":22}},"loc":{"start":{"line":77,"column":41},"end":{"line":97,"column":1}},"line":77},"6":{"name":"(anonymous_6)","decl":{"start":{"line":99,"column":28},"end":{"line":99,"column":29}},"loc":{"start":{"line":99,"column":48},"end":{"line":120,"column":1}},"line":99},"7":{"name":"(anonymous_7)","decl":{"start":{"line":122,"column":22},"end":{"line":122,"column":23}},"loc":{"start":{"line":122,"column":42},"end":{"line":133,"column":1}},"line":122},"8":{"name":"(anonymous_8)","decl":{"start":{"line":135,"column":36},"end":{"line":135,"column":37}},"loc":{"start":{"line":135,"column":56},"end":{"line":148,"column":1}},"line":135},"9":{"name":"(anonymous_9)","decl":{"start":{"line":150,"column":36},"end":{"line":150,"column":37}},"loc":{"start":{"line":150,"column":56},"end":{"line":166,"column":1}},"line":150}},"branchMap":{"0":{"loc":{"start":{"line":7,"column":22},"end":{"line":7,"column":80}},"type":"binary-expr","locations":[{"start":{"line":7,"column":22},"end":{"line":7,"column":57}},{"start":{"line":7,"column":61},"end":{"line":7,"column":80}}],"line":7},"1":{"loc":{"start":{"line":8,"column":23},"end":{"line":8,"column":83}},"type":"binary-expr","locations":[{"start":{"line":8,"column":23},"end":{"line":8,"column":59}},{"start":{"line":8,"column":63},"end":{"line":8,"column":83}}],"line":8},"2":{"loc":{"start":{"line":9,"column":17},"end":{"line":9,"column":64}},"type":"binary-expr","locations":[{"start":{"line":9,"column":17},"end":{"line":9,"column":37}},{"start":{"line":9,"column":41},"end":{"line":9,"column":64}}],"line":9},"3":{"loc":{"start":{"line":10,"column":21},"end":{"line":10,"column":72}},"type":"binary-expr","locations":[{"start":{"line":10,"column":21},"end":{"line":10,"column":45}},{"start":{"line":10,"column":49},"end":{"line":10,"column":72}}],"line":10},"4":{"loc":{"start":{"line":13,"column":9},"end":{"line":17,"column":27}},"type":"binary-expr","locations":[{"start":{"line":13,"column":9},"end":{"line":13,"column":24}},{"start":{"line":14,"column":4},"end":{"line":14,"column":20}},{"start":{"line":15,"column":4},"end":{"line":15,"column":20}},{"start":{"line":16,"column":4},"end":{"line":16,"column":20}},{"start":{"line":17,"column":4},"end":{"line":17,"column":27}}],"line":13},"5":{"loc":{"start":{"line":22,"column":2},"end":{"line":22,"column":80}},"type":"if","locations":[{"start":{"line":22,"column":2},"end":{"line":22,"column":80}},{"start":{},"end":{}}],"line":22},"6":{"loc":{"start":{"line":25,"column":2},"end":{"line":25,"column":102}},"type":"if","locations":[{"start":{"line":25,"column":2},"end":{"line":25,"column":102}},{"start":{},"end":{}}],"line":25},"7":{"loc":{"start":{"line":26,"column":2},"end":{"line":26,"column":94}},"type":"if","locations":[{"start":{"line":26,"column":2},"end":{"line":26,"column":94}},{"start":{},"end":{}}],"line":26},"8":{"loc":{"start":{"line":33,"column":2},"end":{"line":35,"column":3}},"type":"if","locations":[{"start":{"line":33,"column":2},"end":{"line":35,"column":3}},{"start":{},"end":{}}],"line":33},"9":{"loc":{"start":{"line":33,"column":6},"end":{"line":33,"column":37}},"type":"binary-expr","locations":[{"start":{"line":33,"column":6},"end":{"line":33,"column":14}},{"start":{"line":33,"column":18},"end":{"line":33,"column":37}}],"line":33},"10":{"loc":{"start":{"line":45,"column":2},"end":{"line":45,"column":102}},"type":"if","locations":[{"start":{"line":45,"column":2},"end":{"line":45,"column":102}},{"start":{},"end":{}}],"line":45},"11":{"loc":{"start":{"line":57,"column":2},"end":{"line":57,"column":71}},"type":"if","locations":[{"start":{"line":57,"column":2},"end":{"line":57,"column":71}},{"start":{},"end":{}}],"line":57},"12":{"loc":{"start":{"line":61,"column":4},"end":{"line":61,"column":92}},"type":"if","locations":[{"start":{"line":61,"column":4},"end":{"line":61,"column":92}},{"start":{},"end":{}}],"line":61},"13":{"loc":{"start":{"line":86,"column":15},"end":{"line":86,"column":32}},"type":"binary-expr","locations":[{"start":{"line":86,"column":15},"end":{"line":86,"column":20}},{"start":{"line":86,"column":24},"end":{"line":86,"column":32}}],"line":86},"14":{"loc":{"start":{"line":87,"column":2},"end":{"line":87,"column":76}},"type":"if","locations":[{"start":{"line":87,"column":2},"end":{"line":87,"column":76}},{"start":{},"end":{}}],"line":87},"15":{"loc":{"start":{"line":88,"column":2},"end":{"line":88,"column":88}},"type":"if","locations":[{"start":{"line":88,"column":2},"end":{"line":88,"column":88}},{"start":{},"end":{}}],"line":88},"16":{"loc":{"start":{"line":89,"column":2},"end":{"line":89,"column":127}},"type":"if","locations":[{"start":{"line":89,"column":2},"end":{"line":89,"column":127}},{"start":{},"end":{}}],"line":89},"17":{"loc":{"start":{"line":101,"column":2},"end":{"line":101,"column":86}},"type":"if","locations":[{"start":{"line":101,"column":2},"end":{"line":101,"column":86}},{"start":{},"end":{}}],"line":101},"18":{"loc":{"start":{"line":113,"column":4},"end":{"line":113,"column":103}},"type":"if","locations":[{"start":{"line":113,"column":4},"end":{"line":113,"column":103}},{"start":{},"end":{}}],"line":113},"19":{"loc":{"start":{"line":113,"column":8},"end":{"line":113,"column":36}},"type":"binary-expr","locations":[{"start":{"line":113,"column":8},"end":{"line":113,"column":14}},{"start":{"line":113,"column":18},"end":{"line":113,"column":36}}],"line":113},"20":{"loc":{"start":{"line":124,"column":2},"end":{"line":124,"column":86}},"type":"if","locations":[{"start":{"line":124,"column":2},"end":{"line":124,"column":86}},{"start":{},"end":{}}],"line":124},"21":{"loc":{"start":{"line":139,"column":15},"end":{"line":139,"column":32}},"type":"binary-expr","locations":[{"start":{"line":139,"column":15},"end":{"line":139,"column":20}},{"start":{"line":139,"column":24},"end":{"line":139,"column":32}}],"line":139},"22":{"loc":{"start":{"line":141,"column":2},"end":{"line":145,"column":3}},"type":"if","locations":[{"start":{"line":141,"column":2},"end":{"line":145,"column":3}},{"start":{},"end":{}}],"line":141},"23":{"loc":{"start":{"line":152,"column":2},"end":{"line":152,"column":97}},"type":"if","locations":[{"start":{"line":152,"column":2},"end":{"line":152,"column":97}},{"start":{},"end":{}}],"line":152},"24":{"loc":{"start":{"line":156,"column":4},"end":{"line":156,"column":91}},"type":"if","locations":[{"start":{"line":156,"column":4},"end":{"line":156,"column":91}},{"start":{},"end":{}}],"line":156}},"s":{"0":3,"1":3,"2":3,"3":3,"4":21,"5":3,"6":18,"7":18,"8":1,"9":17,"10":17,"11":1,"12":16,"13":6,"14":10,"15":10,"16":2,"17":8,"18":8,"19":8,"20":8,"21":0,"22":8,"23":8,"24":8,"25":8,"26":3,"27":4,"28":4,"29":1,"30":3,"31":3,"32":2,"33":1,"34":1,"35":1,"36":1,"37":8,"38":7,"39":3,"40":10,"41":10,"42":10,"43":10,"44":1,"45":9,"46":1,"47":8,"48":1,"49":7,"50":7,"51":7,"52":7,"53":3,"54":3,"55":3,"56":1,"57":2,"58":2,"59":1,"60":1,"61":0,"62":1,"63":1,"64":1,"65":3,"66":3,"67":3,"68":1,"69":2,"70":2,"71":1,"72":1,"73":1,"74":3,"75":2,"76":2,"77":2,"78":2,"79":1,"80":1,"81":1,"82":2,"83":3,"84":5,"85":5,"86":2,"87":3,"88":3,"89":2,"90":1,"91":1,"92":1,"93":1,"94":1,"95":1},"f":{"0":21,"1":18,"2":4,"3":8,"4":7,"5":10,"6":3,"7":3,"8":2,"9":5},"b":{"0":[3,0],"1":[3,0],"2":[3,0],"3":[3,0],"4":[21,17,16,15,14],"5":[1,17],"6":[1,16],"7":[6,10],"8":[2,8],"9":[10,10],"10":[0,8],"11":[1,3],"12":[1,1],"13":[10,10],"14":[1,9],"15":[1,8],"16":[1,7],"17":[1,2],"18":[0,1],"19":[1,1],"20":[1,2],"21":[2,2],"22":[1,1],"23":[2,3],"24":[1,1]},"inputSourceMap":null,"_coverageSchema":"1a1c01bbd47fc00a2c39e90264f33305004495a9","hash":"73227f6c30fd63c3fde709d261491d00569f5b2a"}
,"/Users/macbook/Documents/cs3219_peerprep/cs3219-ay2526s1-project-g25/user-service/controllers/userControl.js": {"path":"/Users/macbook/Documents/cs3219_peerprep/cs3219-ay2526s1-project-g25/user-service/controllers/userControl.js","statementMap":{"0":{"start":{"line":4,"column":26},"end":{"line":15,"column":1}},"1":{"start":{"line":5,"column":26},"end":{"line":9,"column":13}},"2":{"start":{"line":11,"column":15},"end":{"line":11,"column":32}},"3":{"start":{"line":12,"column":2},"end":{"line":12,"column":66}},"4":{"start":{"line":12,"column":13},"end":{"line":12,"column":66}},"5":{"start":{"line":14,"column":2},"end":{"line":14,"column":16}},"6":{"start":{"line":17,"column":29},"end":{"line":47,"column":1}},"7":{"start":{"line":18,"column":62},"end":{"line":18,"column":70}},"8":{"start":{"line":20,"column":26},"end":{"line":20,"column":96}},"9":{"start":{"line":21,"column":15},"end":{"line":21,"column":32}},"10":{"start":{"line":22,"column":2},"end":{"line":22,"column":66}},"11":{"start":{"line":22,"column":13},"end":{"line":22,"column":66}},"12":{"start":{"line":24,"column":2},"end":{"line":28,"column":3}},"13":{"start":{"line":25,"column":4},"end":{"line":27,"column":5}},"14":{"start":{"line":26,"column":6},"end":{"line":26,"column":74}},"15":{"start":{"line":30,"column":16},"end":{"line":30,"column":25}},"16":{"start":{"line":31,"column":16},"end":{"line":31,"column":34}},"17":{"start":{"line":33,"column":2},"end":{"line":36,"column":3}},"18":{"start":{"line":34,"column":4},"end":{"line":34,"column":28}},"19":{"start":{"line":35,"column":4},"end":{"line":35,"column":48}},"20":{"start":{"line":38,"column":2},"end":{"line":44,"column":25}},"21":{"start":{"line":46,"column":2},"end":{"line":46,"column":42}},"22":{"start":{"line":49,"column":29},"end":{"line":62,"column":1}},"23":{"start":{"line":50,"column":30},"end":{"line":50,"column":38}},"24":{"start":{"line":52,"column":26},"end":{"line":52,"column":96}},"25":{"start":{"line":53,"column":15},"end":{"line":53,"column":32}},"26":{"start":{"line":54,"column":2},"end":{"line":54,"column":66}},"27":{"start":{"line":54,"column":13},"end":{"line":54,"column":66}},"28":{"start":{"line":56,"column":2},"end":{"line":58,"column":3}},"29":{"start":{"line":57,"column":4},"end":{"line":57,"column":64}},"30":{"start":{"line":60,"column":2},"end":{"line":60,"column":60}},"31":{"start":{"line":61,"column":2},"end":{"line":61,"column":42}}},"fnMap":{"0":{"name":"(anonymous_0)","decl":{"start":{"line":4,"column":26},"end":{"line":4,"column":27}},"loc":{"start":{"line":4,"column":46},"end":{"line":15,"column":1}},"line":4},"1":{"name":"(anonymous_1)","decl":{"start":{"line":17,"column":29},"end":{"line":17,"column":30}},"loc":{"start":{"line":17,"column":49},"end":{"line":47,"column":1}},"line":17},"2":{"name":"(anonymous_2)","decl":{"start":{"line":49,"column":29},"end":{"line":49,"column":30}},"loc":{"start":{"line":49,"column":49},"end":{"line":62,"column":1}},"line":49}},"branchMap":{"0":{"loc":{"start":{"line":11,"column":15},"end":{"line":11,"column":32}},"type":"binary-expr","locations":[{"start":{"line":11,"column":15},"end":{"line":11,"column":20}},{"start":{"line":11,"column":24},"end":{"line":11,"column":32}}],"line":11},"1":{"loc":{"start":{"line":12,"column":2},"end":{"line":12,"column":66}},"type":"if","locations":[{"start":{"line":12,"column":2},"end":{"line":12,"column":66}},{"start":{},"end":{}}],"line":12},"2":{"loc":{"start":{"line":21,"column":15},"end":{"line":21,"column":32}},"type":"binary-expr","locations":[{"start":{"line":21,"column":15},"end":{"line":21,"column":20}},{"start":{"line":21,"column":24},"end":{"line":21,"column":32}}],"line":21},"3":{"loc":{"start":{"line":22,"column":2},"end":{"line":22,"column":66}},"type":"if","locations":[{"start":{"line":22,"column":2},"end":{"line":22,"column":66}},{"start":{},"end":{}}],"line":22},"4":{"loc":{"start":{"line":24,"column":2},"end":{"line":28,"column":3}},"type":"if","locations":[{"start":{"line":24,"column":2},"end":{"line":28,"column":3}},{"start":{},"end":{}}],"line":24},"5":{"loc":{"start":{"line":24,"column":6},"end":{"line":24,"column":52}},"type":"binary-expr","locations":[{"start":{"line":24,"column":7},"end":{"line":24,"column":12}},{"start":{"line":24,"column":16},"end":{"line":24,"column":36}},{"start":{"line":24,"column":41},"end":{"line":24,"column":52}}],"line":24},"6":{"loc":{"start":{"line":25,"column":4},"end":{"line":27,"column":5}},"type":"if","locations":[{"start":{"line":25,"column":4},"end":{"line":27,"column":5}},{"start":{},"end":{}}],"line":25},"7":{"loc":{"start":{"line":25,"column":8},"end":{"line":25,"column":91}},"type":"binary-expr","locations":[{"start":{"line":25,"column":8},"end":{"line":25,"column":24}},{"start":{"line":25,"column":28},"end":{"line":25,"column":91}}],"line":25},"8":{"loc":{"start":{"line":33,"column":2},"end":{"line":36,"column":3}},"type":"if","locations":[{"start":{"line":33,"column":2},"end":{"line":36,"column":3}},{"start":{},"end":{}}],"line":33},"9":{"loc":{"start":{"line":39,"column":11},"end":{"line":39,"column":30}},"type":"binary-expr","locations":[{"start":{"line":39,"column":11},"end":{"line":39,"column":16}},{"start":{"line":39,"column":20},"end":{"line":39,"column":30}}],"line":39},"10":{"loc":{"start":{"line":42,"column":17},"end":{"line":42,"column":47}},"type":"binary-expr","locations":[{"start":{"line":42,"column":17},"end":{"line":42,"column":27}},{"start":{"line":42,"column":31},"end":{"line":42,"column":47}}],"line":42},"11":{"loc":{"start":{"line":53,"column":15},"end":{"line":53,"column":32}},"type":"binary-expr","locations":[{"start":{"line":53,"column":15},"end":{"line":53,"column":20}},{"start":{"line":53,"column":24},"end":{"line":53,"column":32}}],"line":53},"12":{"loc":{"start":{"line":54,"column":2},"end":{"line":54,"column":66}},"type":"if","locations":[{"start":{"line":54,"column":2},"end":{"line":54,"column":66}},{"start":{},"end":{}}],"line":54},"13":{"loc":{"start":{"line":56,"column":2},"end":{"line":58,"column":3}},"type":"if","locations":[{"start":{"line":56,"column":2},"end":{"line":58,"column":3}},{"start":{},"end":{}}],"line":56},"14":{"loc":{"start":{"line":56,"column":6},"end":{"line":56,"column":89}},"type":"binary-expr","locations":[{"start":{"line":56,"column":6},"end":{"line":56,"column":22}},{"start":{"line":56,"column":26},"end":{"line":56,"column":89}}],"line":56}},"s":{"0":3,"1":2,"2":2,"3":2,"4":0,"5":2,"6":3,"7":8,"8":8,"9":8,"10":8,"11":0,"12":8,"13":7,"14":3,"15":5,"16":5,"17":5,"18":2,"19":2,"20":5,"21":5,"22":3,"23":3,"24":3,"25":3,"26":3,"27":0,"28":3,"29":2,"30":1,"31":1},"f":{"0":2,"1":8,"2":3},"b":{"0":[2,2],"1":[0,2],"2":[8,8],"3":[0,8],"4":[7,1],"5":[8,4,4],"6":[3,4],"7":[7,5],"8":[2,3],"9":[5,3],"10":[5,4],"11":[3,3],"12":[0,3],"13":[2,1],"14":[3,2]},"inputSourceMap":null,"_coverageSchema":"1a1c01bbd47fc00a2c39e90264f33305004495a9","hash":"ecfd11ffd15d778df45187d1df73b3d70c8633d5"}
,"/Users/macbook/Documents/cs3219_peerprep/cs3219-ay2526s1-project-g25/user-service/middleware/auth.js": {"path":"/Users/macbook/Documents/cs3219_peerprep/cs3219-ay2526s1-project-g25/user-service/middleware/auth.js","statementMap":{"0":{"start":{"line":2,"column":22},"end":{"line":2,"column":80}},"1":{"start":{"line":5,"column":15},"end":{"line":5,"column":43}},"2":{"start":{"line":6,"column":16},"end":{"line":6,"column":78}},"3":{"start":{"line":7,"column":2},"end":{"line":7,"column":72}},"4":{"start":{"line":7,"column":14},"end":{"line":7,"column":72}},"5":{"start":{"line":9,"column":2},"end":{"line":16,"column":3}},"6":{"start":{"line":10,"column":20},"end":{"line":10,"column":52}},"7":{"start":{"line":11,"column":4},"end":{"line":11,"column":32}},"8":{"start":{"line":12,"column":4},"end":{"line":12,"column":36}},"9":{"start":{"line":13,"column":4},"end":{"line":13,"column":11}},"10":{"start":{"line":15,"column":4},"end":{"line":15,"column":73}},"11":{"start":{"line":20,"column":2},"end":{"line":20,"column":109}},"12":{"start":{"line":20,"column":50},"end":{"line":20,"column":109}},"13":{"start":{"line":21,"column":2},"end":{"line":21,"column":9}}},"fnMap":{"0":{"name":"authenticateToken","decl":{"start":{"line":4,"column":16},"end":{"line":4,"column":33}},"loc":{"start":{"line":4,"column":50},"end":{"line":17,"column":1}},"line":4},"1":{"name":"requireAdmin","decl":{"start":{"line":19,"column":16},"end":{"line":19,"column":28}},"loc":{"start":{"line":19,"column":45},"end":{"line":22,"column":1}},"line":19}},"branchMap":{"0":{"loc":{"start":{"line":2,"column":22},"end":{"line":2,"column":80}},"type":"binary-expr","locations":[{"start":{"line":2,"column":22},"end":{"line":2,"column":57}},{"start":{"line":2,"column":61},"end":{"line":2,"column":80}}],"line":2},"1":{"loc":{"start":{"line":6,"column":16},"end":{"line":6,"column":78}},"type":"cond-expr","locations":[{"start":{"line":6,"column":53},"end":{"line":6,"column":71}},{"start":{"line":6,"column":74},"end":{"line":6,"column":78}}],"line":6},"2":{"loc":{"start":{"line":6,"column":16},"end":{"line":6,"column":50}},"type":"binary-expr","locations":[{"start":{"line":6,"column":16},"end":{"line":6,"column":20}},{"start":{"line":6,"column":24},"end":{"line":6,"column":50}}],"line":6},"3":{"loc":{"start":{"line":7,"column":2},"end":{"line":7,"column":72}},"type":"if","locations":[{"start":{"line":7,"column":2},"end":{"line":7,"column":72}},{"start":{},"end":{}}],"line":7},"4":{"loc":{"start":{"line":12,"column":16},"end":{"line":12,"column":35}},"type":"binary-expr","locations":[{"start":{"line":12,"column":16},"end":{"line":12,"column":29}},{"start":{"line":12,"column":33},"end":{"line":12,"column":35}}],"line":12},"5":{"loc":{"start":{"line":20,"column":2},"end":{"line":20,"column":109}},"type":"if","locations":[{"start":{"line":20,"column":2},"end":{"line":20,"column":109}},{"start":{},"end":{}}],"line":20},"6":{"loc":{"start":{"line":20,"column":6},"end":{"line":20,"column":48}},"type":"binary-expr","locations":[{"start":{"line":20,"column":6},"end":{"line":20,"column":16}},{"start":{"line":20,"column":20},"end":{"line":20,"column":48}}],"line":20}},"s":{"0":4,"1":31,"2":31,"3":31,"4":6,"5":25,"6":25,"7":21,"8":21,"9":21,"10":4,"11":6,"12":4,"13":2},"f":{"0":31,"1":6},"b":{"0":[4,0],"1":[25,6],"2":[31,26],"3":[6,25],"4":[21,3],"5":[4,2],"6":[6,6]},"inputSourceMap":null,"_coverageSchema":"1a1c01bbd47fc00a2c39e90264f33305004495a9","hash":"db43b69bca23c8a29c850c6567bacabc21ddafb6"}
,"/Users/macbook/Documents/cs3219_peerprep/cs3219-ay2526s1-project-g25/user-service/src/config/mailer.js": {"path":"/Users/macbook/Documents/cs3219_peerprep/cs3219-ay2526s1-project-g25/user-service/src/config/mailer.js","statementMap":{"0":{"start":{"line":3,"column":13},"end":{"line":3,"column":34}},"1":{"start":{"line":4,"column":13},"end":{"line":4,"column":78}},"2":{"start":{"line":5,"column":13},"end":{"line":5,"column":34}},"3":{"start":{"line":6,"column":13},"end":{"line":6,"column":34}},"4":{"start":{"line":8,"column":20},"end":{"line":15,"column":8}},"5":{"start":{"line":18,"column":2},"end":{"line":21,"column":3}},"6":{"start":{"line":19,"column":4},"end":{"line":19,"column":61}},"7":{"start":{"line":20,"column":4},"end":{"line":20,"column":10}},"8":{"start":{"line":22,"column":2},"end":{"line":25,"column":4}}},"fnMap":{"0":{"name":"sendMail","decl":{"start":{"line":17,"column":22},"end":{"line":17,"column":30}},"loc":{"start":{"line":17,"column":37},"end":{"line":26,"column":1}},"line":17}},"branchMap":{"0":{"loc":{"start":{"line":4,"column":13},"end":{"line":4,"column":78}},"type":"cond-expr","locations":[{"start":{"line":4,"column":37},"end":{"line":4,"column":66}},{"start":{"line":4,"column":69},"end":{"line":4,"column":78}}],"line":4},"1":{"loc":{"start":{"line":8,"column":20},"end":{"line":15,"column":8}},"type":"cond-expr","locations":[{"start":{"line":9,"column":4},"end":{"line":14,"column":6}},{"start":{"line":15,"column":4},"end":{"line":15,"column":8}}],"line":8},"2":{"loc":{"start":{"line":8,"column":21},"end":{"line":8,"column":49}},"type":"binary-expr","locations":[{"start":{"line":8,"column":21},"end":{"line":8,"column":25}},{"start":{"line":8,"column":29},"end":{"line":8,"column":33}},{"start":{"line":8,"column":37},"end":{"line":8,"column":41}},{"start":{"line":8,"column":45},"end":{"line":8,"column":49}}],"line":8},"3":{"loc":{"start":{"line":18,"column":2},"end":{"line":21,"column":3}},"type":"if","locations":[{"start":{"line":18,"column":2},"end":{"line":21,"column":3}},{"start":{},"end":{}}],"line":18},"4":{"loc":{"start":{"line":23,"column":10},"end":{"line":23,"column":60}},"type":"binary-expr","locations":[{"start":{"line":23,"column":10},"end":{"line":23,"column":31}},{"start":{"line":23,"column":35},"end":{"line":23,"column":60}}],"line":23}},"s":{"0":4,"1":4,"2":4,"3":4,"4":4,"5":14,"6":14,"7":14,"8":0},"f":{"0":14},"b":{"0":[0,4],"1":[0,4],"2":[4,0,0,0],"3":[14,0],"4":[0,0]},"inputSourceMap":null,"_coverageSchema":"1a1c01bbd47fc00a2c39e90264f33305004495a9","hash":"f7fcc0fa45f91c95acb9c2bcbcf98e77d61fef5c"}
,"/Users/macbook/Documents/cs3219_peerprep/cs3219-ay2526s1-project-g25/user-service/src/services/supabaseClient.js": {"path":"/Users/macbook/Documents/cs3219_peerprep/cs3219-ay2526s1-project-g25/user-service/src/services/supabaseClient.js","statementMap":{"0":{"start":{"line":3,"column":20},"end":{"line":3,"column":44}},"1":{"start":{"line":4,"column":20},"end":{"line":4,"column":57}},"2":{"start":{"line":6,"column":0},"end":{"line":12,"column":1}},"3":{"start":{"line":7,"column":2},"end":{"line":10,"column":4}},"4":{"start":{"line":11,"column":2},"end":{"line":11,"column":74}},"5":{"start":{"line":14,"column":24},"end":{"line":14,"column":62}}},"fnMap":{},"branchMap":{"0":{"loc":{"start":{"line":6,"column":0},"end":{"line":12,"column":1}},"type":"if","locations":[{"start":{"line":6,"column":0},"end":{"line":12,"column":1}},{"start":{},"end":{}}],"line":6},"1":{"loc":{"start":{"line":6,"column":4},"end":{"line":6,"column":32}},"type":"binary-expr","locations":[{"start":{"line":6,"column":4},"end":{"line":6,"column":16}},{"start":{"line":6,"column":20},"end":{"line":6,"column":32}}],"line":6},"2":{"loc":{"start":{"line":8,"column":18},"end":{"line":8,"column":52}},"type":"cond-expr","locations":[{"start":{"line":8,"column":32},"end":{"line":8,"column":40}},{"start":{"line":8,"column":43},"end":{"line":8,"column":52}}],"line":8},"3":{"loc":{"start":{"line":9,"column":31},"end":{"line":9,"column":65}},"type":"cond-expr","locations":[{"start":{"line":9,"column":45},"end":{"line":9,"column":53}},{"start":{"line":9,"column":56},"end":{"line":9,"column":65}}],"line":9}},"s":{"0":3,"1":3,"2":3,"3":0,"4":0,"5":3},"f":{},"b":{"0":[0,3],"1":[3,3],"2":[0,0],"3":[0,0]},"inputSourceMap":null,"_coverageSchema":"1a1c01bbd47fc00a2c39e90264f33305004495a9","hash":"2a91f63737ff8ebf4e8e8f69d1e46997fe8cb759"}
,"/Users/macbook/Documents/cs3219_peerprep/cs3219-ay2526s1-project-g25/user-service/src/utils/hash.js": {"path":"/Users/macbook/Documents/cs3219_peerprep/cs3219-ay2526s1-project-g25/user-service/src/utils/hash.js","statementMap":{"0":{"start":{"line":4,"column":2},"end":{"line":4,"column":47}},"1":{"start":{"line":8,"column":2},"end":{"line":8,"column":74}},"2":{"start":{"line":12,"column":2},"end":{"line":12,"column":54}}},"fnMap":{"0":{"name":"generateSalt","decl":{"start":{"line":3,"column":16},"end":{"line":3,"column":28}},"loc":{"start":{"line":3,"column":31},"end":{"line":5,"column":1}},"line":3},"1":{"name":"hashPassword","decl":{"start":{"line":7,"column":16},"end":{"line":7,"column":28}},"loc":{"start":{"line":7,"column":45},"end":{"line":9,"column":1}},"line":7},"2":{"name":"verifyPassword","decl":{"start":{"line":11,"column":16},"end":{"line":11,"column":30}},"loc":{"start":{"line":11,"column":61},"end":{"line":13,"column":1}},"line":11}},"branchMap":{},"s":{"0":30,"1":50,"2":23},"f":{"0":30,"1":50,"2":23},"b":{},"inputSourceMap":null,"_coverageSchema":"1a1c01bbd47fc00a2c39e90264f33305004495a9","hash":"7486933e7e557d061f5adb5dd05ea54bc6cffbdb"}
}
