{"/Users/macbook/Documents/cs3219_peerprep/cs3219-ay2526s1-project-g25/user-service/controllers/authController.js": {"path":"/Users/macbook/Documents/cs3219_peerprep/cs3219-ay2526s1-project-g25/user-service/controllers/authController.js","statementMap":{"0":{"start":{"line":6,"column":22},"end":{"line":6,"column":80}},"1":{"start":{"line":7,"column":23},"end":{"line":7,"column":83}},"2":{"start":{"line":8,"column":17},"end":{"line":8,"column":64}},"3":{"start":{"line":12,"column":2},"end":{"line":16,"column":27}},"4":{"start":{"line":20,"column":24},"end":{"line":92,"column":1}},"5":{"start":{"line":21,"column":17},"end":{"line":21,"column":38}},"6":{"start":{"line":22,"column":2},"end":{"line":22,"column":80}},"7":{"start":{"line":22,"column":25},"end":{"line":22,"column":80}},"8":{"start":{"line":24,"column":57},"end":{"line":24,"column":65}},"9":{"start":{"line":25,"column":2},"end":{"line":25,"column":102}},"10":{"start":{"line":25,"column":36},"end":{"line":25,"column":102}},"11":{"start":{"line":26,"column":2},"end":{"line":26,"column":94}},"12":{"start":{"line":26,"column":33},"end":{"line":26,"column":94}},"13":{"start":{"line":29,"column":29},"end":{"line":32,"column":52}},"14":{"start":{"line":34,"column":2},"end":{"line":36,"column":3}},"15":{"start":{"line":35,"column":4},"end":{"line":35,"column":79}},"16":{"start":{"line":39,"column":15},"end":{"line":39,"column":29}},"17":{"start":{"line":40,"column":23},"end":{"line":40,"column":51}},"18":{"start":{"line":42,"column":49},"end":{"line":53,"column":13}},"19":{"start":{"line":55,"column":2},"end":{"line":55,"column":102}},"20":{"start":{"line":55,"column":19},"end":{"line":55,"column":102}},"21":{"start":{"line":58,"column":28},"end":{"line":58,"column":114}},"22":{"start":{"line":59,"column":26},"end":{"line":59,"column":78}},"23":{"start":{"line":62,"column":2},"end":{"line":86,"column":3}},"24":{"start":{"line":65,"column":33},"end":{"line":76,"column":6}},"25":{"start":{"line":78,"column":4},"end":{"line":85,"column":5}},"26":{"start":{"line":79,"column":6},"end":{"line":79,"column":65}},"27":{"start":{"line":81,"column":6},"end":{"line":81,"column":61}},"28":{"start":{"line":82,"column":6},"end":{"line":82,"column":57}},"29":{"start":{"line":84,"column":6},"end":{"line":84,"column":69}},"30":{"start":{"line":88,"column":2},"end":{"line":91,"column":4}},"31":{"start":{"line":95,"column":27},"end":{"line":138,"column":1}},"32":{"start":{"line":97,"column":16},"end":{"line":97,"column":49}},"33":{"start":{"line":99,"column":2},"end":{"line":101,"column":3}},"34":{"start":{"line":100,"column":4},"end":{"line":100,"column":61}},"35":{"start":{"line":103,"column":2},"end":{"line":137,"column":3}},"36":{"start":{"line":104,"column":20},"end":{"line":104,"column":52}},"37":{"start":{"line":106,"column":4},"end":{"line":108,"column":5}},"38":{"start":{"line":107,"column":6},"end":{"line":107,"column":63}},"39":{"start":{"line":110,"column":28},"end":{"line":114,"column":15}},"40":{"start":{"line":116,"column":17},"end":{"line":116,"column":27}},"41":{"start":{"line":117,"column":4},"end":{"line":119,"column":5}},"42":{"start":{"line":118,"column":6},"end":{"line":118,"column":74}},"43":{"start":{"line":121,"column":4},"end":{"line":123,"column":5}},"44":{"start":{"line":122,"column":6},"end":{"line":122,"column":72}},"45":{"start":{"line":126,"column":25},"end":{"line":126,"column":50}},"46":{"start":{"line":128,"column":4},"end":{"line":131,"column":31}},"47":{"start":{"line":133,"column":4},"end":{"line":133,"column":56}},"48":{"start":{"line":135,"column":4},"end":{"line":135,"column":56}},"49":{"start":{"line":136,"column":4},"end":{"line":136,"column":65}},"50":{"start":{"line":142,"column":2},"end":{"line":142,"column":73}},"51":{"start":{"line":146,"column":2},"end":{"line":146,"column":66}},"52":{"start":{"line":150,"column":21},"end":{"line":170,"column":1}},"53":{"start":{"line":151,"column":35},"end":{"line":151,"column":43}},"54":{"start":{"line":152,"column":26},"end":{"line":156,"column":13}},"55":{"start":{"line":158,"column":15},"end":{"line":158,"column":32}},"56":{"start":{"line":159,"column":2},"end":{"line":159,"column":76}},"57":{"start":{"line":159,"column":13},"end":{"line":159,"column":76}},"58":{"start":{"line":160,"column":2},"end":{"line":160,"column":88}},"59":{"start":{"line":160,"column":23},"end":{"line":160,"column":88}},"60":{"start":{"line":161,"column":2},"end":{"line":162,"column":67}},"61":{"start":{"line":162,"column":4},"end":{"line":162,"column":67}},"62":{"start":{"line":164,"column":22},"end":{"line":164,"column":58}},"63":{"start":{"line":165,"column":23},"end":{"line":165,"column":48}},"64":{"start":{"line":166,"column":2},"end":{"line":167,"column":57}},"65":{"start":{"line":169,"column":2},"end":{"line":169,"column":108}},"66":{"start":{"line":173,"column":28},"end":{"line":194,"column":1}},"67":{"start":{"line":174,"column":27},"end":{"line":174,"column":35}},"68":{"start":{"line":175,"column":2},"end":{"line":175,"column":86}},"69":{"start":{"line":175,"column":21},"end":{"line":175,"column":86}},"70":{"start":{"line":177,"column":2},"end":{"line":193,"column":3}},"71":{"start":{"line":178,"column":20},"end":{"line":178,"column":60}},"72":{"start":{"line":179,"column":28},"end":{"line":184,"column":15}},"73":{"start":{"line":186,"column":4},"end":{"line":187,"column":71}},"74":{"start":{"line":187,"column":6},"end":{"line":187,"column":71}},"75":{"start":{"line":189,"column":22},"end":{"line":189,"column":69}},"76":{"start":{"line":190,"column":4},"end":{"line":190,"column":40}},"77":{"start":{"line":192,"column":4},"end":{"line":192,"column":73}},"78":{"start":{"line":197,"column":22},"end":{"line":208,"column":1}},"79":{"start":{"line":198,"column":27},"end":{"line":198,"column":35}},"80":{"start":{"line":199,"column":2},"end":{"line":199,"column":86}},"81":{"start":{"line":199,"column":21},"end":{"line":199,"column":86}},"82":{"start":{"line":201,"column":2},"end":{"line":207,"column":3}},"83":{"start":{"line":202,"column":20},"end":{"line":202,"column":60}},"84":{"start":{"line":203,"column":4},"end":{"line":203,"column":89}},"85":{"start":{"line":204,"column":4},"end":{"line":204,"column":39}},"86":{"start":{"line":206,"column":4},"end":{"line":206,"column":39}},"87":{"start":{"line":211,"column":36},"end":{"line":239,"column":1}},"88":{"start":{"line":212,"column":20},"end":{"line":212,"column":28}},"89":{"start":{"line":214,"column":2},"end":{"line":216,"column":3}},"90":{"start":{"line":215,"column":4},"end":{"line":215,"column":65}},"91":{"start":{"line":218,"column":2},"end":{"line":238,"column":3}},"92":{"start":{"line":220,"column":22},"end":{"line":222,"column":6}},"93":{"start":{"line":225,"column":4},"end":{"line":229,"column":5}},"94":{"start":{"line":226,"column":6},"end":{"line":226,"column":68}},"95":{"start":{"line":228,"column":6},"end":{"line":228,"column":71}},"96":{"start":{"line":232,"column":4},"end":{"line":232,"column":97}},"97":{"start":{"line":235,"column":4},"end":{"line":235,"column":68}},"98":{"start":{"line":237,"column":4},"end":{"line":237,"column":97}},"99":{"start":{"line":241,"column":36},"end":{"line":313,"column":1}},"100":{"start":{"line":242,"column":59},"end":{"line":242,"column":67}},"101":{"start":{"line":244,"column":2},"end":{"line":246,"column":3}},"102":{"start":{"line":245,"column":4},"end":{"line":245,"column":72}},"103":{"start":{"line":248,"column":2},"end":{"line":250,"column":3}},"104":{"start":{"line":249,"column":4},"end":{"line":249,"column":71}},"105":{"start":{"line":252,"column":2},"end":{"line":254,"column":3}},"106":{"start":{"line":253,"column":4},"end":{"line":253,"column":70}},"107":{"start":{"line":256,"column":2},"end":{"line":258,"column":3}},"108":{"start":{"line":257,"column":4},"end":{"line":257,"column":65}},"109":{"start":{"line":260,"column":2},"end":{"line":312,"column":3}},"110":{"start":{"line":262,"column":21},"end":{"line":272,"column":6}},"111":{"start":{"line":274,"column":19},"end":{"line":274,"column":40}},"112":{"start":{"line":276,"column":4},"end":{"line":279,"column":5}},"113":{"start":{"line":277,"column":6},"end":{"line":277,"column":73}},"114":{"start":{"line":278,"column":6},"end":{"line":278,"column":109}},"115":{"start":{"line":282,"column":17},"end":{"line":282,"column":38}},"116":{"start":{"line":285,"column":26},"end":{"line":285,"column":30}},"117":{"start":{"line":286,"column":17},"end":{"line":286,"column":21}},"118":{"start":{"line":287,"column":4},"end":{"line":306,"column":5}},"119":{"start":{"line":289,"column":34},"end":{"line":289,"column":108}},"120":{"start":{"line":290,"column":6},"end":{"line":290,"column":28}},"121":{"start":{"line":292,"column":6},"end":{"line":305,"column":7}},"122":{"start":{"line":294,"column":21},"end":{"line":294,"column":35}},"123":{"start":{"line":295,"column":29},"end":{"line":295,"column":60}},"124":{"start":{"line":298,"column":8},"end":{"line":298,"column":50}},"125":{"start":{"line":300,"column":8},"end":{"line":304,"column":27}},"126":{"start":{"line":308,"column":4},"end":{"line":308,"column":54}},"127":{"start":{"line":310,"column":4},"end":{"line":310,"column":65}},"128":{"start":{"line":311,"column":4},"end":{"line":311,"column":72}}},"fnMap":{"0":{"name":"passwordStrong","decl":{"start":{"line":11,"column":9},"end":{"line":11,"column":23}},"loc":{"start":{"line":11,"column":28},"end":{"line":17,"column":1}},"line":11},"1":{"name":"(anonymous_1)","decl":{"start":{"line":20,"column":24},"end":{"line":20,"column":25}},"loc":{"start":{"line":20,"column":44},"end":{"line":92,"column":1}},"line":20},"2":{"name":"(anonymous_2)","decl":{"start":{"line":95,"column":27},"end":{"line":95,"column":28}},"loc":{"start":{"line":95,"column":47},"end":{"line":138,"column":1}},"line":95},"3":{"name":"makeAccessToken","decl":{"start":{"line":141,"column":9},"end":{"line":141,"column":24}},"loc":{"start":{"line":141,"column":40},"end":{"line":143,"column":1}},"line":141},"4":{"name":"makeRefreshToken","decl":{"start":{"line":145,"column":9},"end":{"line":145,"column":25}},"loc":{"start":{"line":145,"column":34},"end":{"line":147,"column":1}},"line":145},"5":{"name":"(anonymous_5)","decl":{"start":{"line":150,"column":21},"end":{"line":150,"column":22}},"loc":{"start":{"line":150,"column":41},"end":{"line":170,"column":1}},"line":150},"6":{"name":"(anonymous_6)","decl":{"start":{"line":173,"column":28},"end":{"line":173,"column":29}},"loc":{"start":{"line":173,"column":48},"end":{"line":194,"column":1}},"line":173},"7":{"name":"(anonymous_7)","decl":{"start":{"line":197,"column":22},"end":{"line":197,"column":23}},"loc":{"start":{"line":197,"column":42},"end":{"line":208,"column":1}},"line":197},"8":{"name":"(anonymous_8)","decl":{"start":{"line":211,"column":36},"end":{"line":211,"column":37}},"loc":{"start":{"line":211,"column":56},"end":{"line":239,"column":1}},"line":211},"9":{"name":"(anonymous_9)","decl":{"start":{"line":241,"column":36},"end":{"line":241,"column":37}},"loc":{"start":{"line":241,"column":56},"end":{"line":313,"column":1}},"line":241}},"branchMap":{"0":{"loc":{"start":{"line":6,"column":22},"end":{"line":6,"column":80}},"type":"binary-expr","locations":[{"start":{"line":6,"column":22},"end":{"line":6,"column":57}},{"start":{"line":6,"column":61},"end":{"line":6,"column":80}}],"line":6},"1":{"loc":{"start":{"line":7,"column":23},"end":{"line":7,"column":83}},"type":"binary-expr","locations":[{"start":{"line":7,"column":23},"end":{"line":7,"column":59}},{"start":{"line":7,"column":63},"end":{"line":7,"column":83}}],"line":7},"2":{"loc":{"start":{"line":8,"column":17},"end":{"line":8,"column":64}},"type":"binary-expr","locations":[{"start":{"line":8,"column":17},"end":{"line":8,"column":37}},{"start":{"line":8,"column":41},"end":{"line":8,"column":64}}],"line":8},"3":{"loc":{"start":{"line":12,"column":9},"end":{"line":16,"column":27}},"type":"binary-expr","locations":[{"start":{"line":12,"column":9},"end":{"line":12,"column":24}},{"start":{"line":13,"column":4},"end":{"line":13,"column":20}},{"start":{"line":14,"column":4},"end":{"line":14,"column":20}},{"start":{"line":15,"column":4},"end":{"line":15,"column":20}},{"start":{"line":16,"column":4},"end":{"line":16,"column":27}}],"line":12},"4":{"loc":{"start":{"line":22,"column":2},"end":{"line":22,"column":80}},"type":"if","locations":[{"start":{"line":22,"column":2},"end":{"line":22,"column":80}},{"start":{},"end":{}}],"line":22},"5":{"loc":{"start":{"line":25,"column":2},"end":{"line":25,"column":102}},"type":"if","locations":[{"start":{"line":25,"column":2},"end":{"line":25,"column":102}},{"start":{},"end":{}}],"line":25},"6":{"loc":{"start":{"line":26,"column":2},"end":{"line":26,"column":94}},"type":"if","locations":[{"start":{"line":26,"column":2},"end":{"line":26,"column":94}},{"start":{},"end":{}}],"line":26},"7":{"loc":{"start":{"line":34,"column":2},"end":{"line":36,"column":3}},"type":"if","locations":[{"start":{"line":34,"column":2},"end":{"line":36,"column":3}},{"start":{},"end":{}}],"line":34},"8":{"loc":{"start":{"line":34,"column":6},"end":{"line":34,"column":37}},"type":"binary-expr","locations":[{"start":{"line":34,"column":6},"end":{"line":34,"column":14}},{"start":{"line":34,"column":18},"end":{"line":34,"column":37}}],"line":34},"9":{"loc":{"start":{"line":55,"column":2},"end":{"line":55,"column":102}},"type":"if","locations":[{"start":{"line":55,"column":2},"end":{"line":55,"column":102}},{"start":{},"end":{}}],"line":55},"10":{"loc":{"start":{"line":62,"column":2},"end":{"line":86,"column":3}},"type":"if","locations":[{"start":{"line":62,"column":2},"end":{"line":86,"column":3}},{"start":{},"end":{}}],"line":62},"11":{"loc":{"start":{"line":78,"column":4},"end":{"line":85,"column":5}},"type":"if","locations":[{"start":{"line":78,"column":4},"end":{"line":85,"column":5}},{"start":{"line":83,"column":11},"end":{"line":85,"column":5}}],"line":78},"12":{"loc":{"start":{"line":90,"column":8},"end":{"line":90,"column":64}},"type":"binary-expr","locations":[{"start":{"line":90,"column":8},"end":{"line":90,"column":39}},{"start":{"line":90,"column":43},"end":{"line":90,"column":64}}],"line":90},"13":{"loc":{"start":{"line":97,"column":16},"end":{"line":97,"column":49}},"type":"binary-expr","locations":[{"start":{"line":97,"column":16},"end":{"line":97,"column":31}},{"start":{"line":97,"column":35},"end":{"line":97,"column":49}}],"line":97},"14":{"loc":{"start":{"line":99,"column":2},"end":{"line":101,"column":3}},"type":"if","locations":[{"start":{"line":99,"column":2},"end":{"line":101,"column":3}},{"start":{},"end":{}}],"line":99},"15":{"loc":{"start":{"line":106,"column":4},"end":{"line":108,"column":5}},"type":"if","locations":[{"start":{"line":106,"column":4},"end":{"line":108,"column":5}},{"start":{},"end":{}}],"line":106},"16":{"loc":{"start":{"line":117,"column":4},"end":{"line":119,"column":5}},"type":"if","locations":[{"start":{"line":117,"column":4},"end":{"line":119,"column":5}},{"start":{},"end":{}}],"line":117},"17":{"loc":{"start":{"line":121,"column":4},"end":{"line":123,"column":5}},"type":"if","locations":[{"start":{"line":121,"column":4},"end":{"line":123,"column":5}},{"start":{},"end":{}}],"line":121},"18":{"loc":{"start":{"line":158,"column":15},"end":{"line":158,"column":32}},"type":"binary-expr","locations":[{"start":{"line":158,"column":15},"end":{"line":158,"column":20}},{"start":{"line":158,"column":24},"end":{"line":158,"column":32}}],"line":158},"19":{"loc":{"start":{"line":159,"column":2},"end":{"line":159,"column":76}},"type":"if","locations":[{"start":{"line":159,"column":2},"end":{"line":159,"column":76}},{"start":{},"end":{}}],"line":159},"20":{"loc":{"start":{"line":160,"column":2},"end":{"line":160,"column":88}},"type":"if","locations":[{"start":{"line":160,"column":2},"end":{"line":160,"column":88}},{"start":{},"end":{}}],"line":160},"21":{"loc":{"start":{"line":161,"column":2},"end":{"line":162,"column":67}},"type":"if","locations":[{"start":{"line":161,"column":2},"end":{"line":162,"column":67}},{"start":{},"end":{}}],"line":161},"22":{"loc":{"start":{"line":175,"column":2},"end":{"line":175,"column":86}},"type":"if","locations":[{"start":{"line":175,"column":2},"end":{"line":175,"column":86}},{"start":{},"end":{}}],"line":175},"23":{"loc":{"start":{"line":186,"column":4},"end":{"line":187,"column":71}},"type":"if","locations":[{"start":{"line":186,"column":4},"end":{"line":187,"column":71}},{"start":{},"end":{}}],"line":186},"24":{"loc":{"start":{"line":186,"column":8},"end":{"line":186,"column":36}},"type":"binary-expr","locations":[{"start":{"line":186,"column":8},"end":{"line":186,"column":14}},{"start":{"line":186,"column":18},"end":{"line":186,"column":36}}],"line":186},"25":{"loc":{"start":{"line":199,"column":2},"end":{"line":199,"column":86}},"type":"if","locations":[{"start":{"line":199,"column":2},"end":{"line":199,"column":86}},{"start":{},"end":{}}],"line":199},"26":{"loc":{"start":{"line":214,"column":2},"end":{"line":216,"column":3}},"type":"if","locations":[{"start":{"line":214,"column":2},"end":{"line":216,"column":3}},{"start":{},"end":{}}],"line":214},"27":{"loc":{"start":{"line":225,"column":4},"end":{"line":229,"column":5}},"type":"if","locations":[{"start":{"line":225,"column":4},"end":{"line":229,"column":5}},{"start":{"line":227,"column":11},"end":{"line":229,"column":5}}],"line":225},"28":{"loc":{"start":{"line":244,"column":2},"end":{"line":246,"column":3}},"type":"if","locations":[{"start":{"line":244,"column":2},"end":{"line":246,"column":3}},{"start":{},"end":{}}],"line":244},"29":{"loc":{"start":{"line":248,"column":2},"end":{"line":250,"column":3}},"type":"if","locations":[{"start":{"line":248,"column":2},"end":{"line":250,"column":3}},{"start":{},"end":{}}],"line":248},"30":{"loc":{"start":{"line":248,"column":6},"end":{"line":248,"column":41}},"type":"binary-expr","locations":[{"start":{"line":248,"column":6},"end":{"line":248,"column":18}},{"start":{"line":248,"column":22},"end":{"line":248,"column":41}}],"line":248},"31":{"loc":{"start":{"line":252,"column":2},"end":{"line":254,"column":3}},"type":"if","locations":[{"start":{"line":252,"column":2},"end":{"line":254,"column":3}},{"start":{},"end":{}}],"line":252},"32":{"loc":{"start":{"line":256,"column":2},"end":{"line":258,"column":3}},"type":"if","locations":[{"start":{"line":256,"column":2},"end":{"line":258,"column":3}},{"start":{},"end":{}}],"line":256},"33":{"loc":{"start":{"line":276,"column":4},"end":{"line":279,"column":5}},"type":"if","locations":[{"start":{"line":276,"column":4},"end":{"line":279,"column":5}},{"start":{},"end":{}}],"line":276},"34":{"loc":{"start":{"line":282,"column":17},"end":{"line":282,"column":38}},"type":"binary-expr","locations":[{"start":{"line":282,"column":17},"end":{"line":282,"column":28}},{"start":{"line":282,"column":32},"end":{"line":282,"column":38}}],"line":282},"35":{"loc":{"start":{"line":287,"column":4},"end":{"line":306,"column":5}},"type":"if","locations":[{"start":{"line":287,"column":4},"end":{"line":306,"column":5}},{"start":{},"end":{}}],"line":287},"36":{"loc":{"start":{"line":287,"column":8},"end":{"line":287,"column":26}},"type":"binary-expr","locations":[{"start":{"line":287,"column":8},"end":{"line":287,"column":12}},{"start":{"line":287,"column":16},"end":{"line":287,"column":26}}],"line":287},"37":{"loc":{"start":{"line":292,"column":6},"end":{"line":305,"column":7}},"type":"if","locations":[{"start":{"line":292,"column":6},"end":{"line":305,"column":7}},{"start":{},"end":{}}],"line":292}},"s":{"0":5,"1":5,"2":5,"3":21,"4":5,"5":19,"6":19,"7":1,"8":18,"9":18,"10":1,"11":17,"12":6,"13":11,"14":11,"15":2,"16":9,"17":9,"18":9,"19":9,"20":0,"21":9,"22":9,"23":9,"24":0,"25":0,"26":0,"27":0,"28":0,"29":0,"30":9,"31":5,"32":6,"33":6,"34":1,"35":5,"36":5,"37":4,"38":1,"39":3,"40":3,"41":3,"42":1,"43":2,"44":0,"45":2,"46":2,"47":2,"48":1,"49":1,"50":8,"51":9,"52":5,"53":10,"54":10,"55":10,"56":10,"57":1,"58":9,"59":1,"60":8,"61":1,"62":7,"63":7,"64":7,"65":7,"66":5,"67":3,"68":3,"69":1,"70":2,"71":2,"72":1,"73":1,"74":0,"75":1,"76":1,"77":1,"78":5,"79":3,"80":3,"81":1,"82":2,"83":2,"84":1,"85":1,"86":1,"87":5,"88":3,"89":3,"90":1,"91":2,"92":2,"93":2,"94":0,"95":2,"96":2,"97":0,"98":0,"99":5,"100":8,"101":8,"102":1,"103":7,"104":2,"105":5,"106":1,"107":4,"108":2,"109":2,"110":2,"111":2,"112":2,"113":2,"114":2,"115":0,"116":0,"117":0,"118":0,"119":0,"120":0,"121":0,"122":0,"123":0,"124":0,"125":0,"126":0,"127":0,"128":0},"f":{"0":21,"1":19,"2":6,"3":8,"4":9,"5":10,"6":3,"7":3,"8":3,"9":8},"b":{"0":[5,0],"1":[5,0],"2":[5,0],"3":[21,17,16,15,14],"4":[1,18],"5":[1,17],"6":[6,11],"7":[2,9],"8":[11,11],"9":[0,9],"10":[0,9],"11":[0,0],"12":[9,9],"13":[6,1],"14":[1,5],"15":[1,3],"16":[1,2],"17":[0,2],"18":[10,10],"19":[1,9],"20":[1,8],"21":[1,7],"22":[1,2],"23":[0,1],"24":[1,1],"25":[1,2],"26":[1,2],"27":[0,2],"28":[1,7],"29":[2,5],"30":[7,6],"31":[1,4],"32":[2,2],"33":[2,0],"34":[0,0],"35":[0,0],"36":[0,0],"37":[0,0]},"inputSourceMap":null,"_coverageSchema":"1a1c01bbd47fc00a2c39e90264f33305004495a9","hash":"eb2a4f88bca457c3154c7156fc1309763671511f"}
,"/Users/macbook/Documents/cs3219_peerprep/cs3219-ay2526s1-project-g25/user-service/controllers/difficultyController.js": {"path":"/Users/macbook/Documents/cs3219_peerprep/cs3219-ay2526s1-project-g25/user-service/controllers/difficultyController.js","statementMap":{"0":{"start":{"line":12,"column":34},"end":{"line":34,"column":1}},"1":{"start":{"line":13,"column":2},"end":{"line":33,"column":3}},"2":{"start":{"line":14,"column":27},"end":{"line":14,"column":35}},"3":{"start":{"line":15,"column":19},"end":{"line":15,"column":29}},"4":{"start":{"line":17,"column":4},"end":{"line":19,"column":5}},"5":{"start":{"line":18,"column":6},"end":{"line":18,"column":78}},"6":{"start":{"line":21,"column":26},"end":{"line":21,"column":71}},"7":{"start":{"line":23,"column":4},"end":{"line":26,"column":6}},"8":{"start":{"line":28,"column":4},"end":{"line":28,"column":55}},"9":{"start":{"line":29,"column":4},"end":{"line":32,"column":6}},"10":{"start":{"line":40,"column":37},"end":{"line":56,"column":1}},"11":{"start":{"line":41,"column":2},"end":{"line":55,"column":3}},"12":{"start":{"line":42,"column":19},"end":{"line":42,"column":29}},"13":{"start":{"line":43,"column":19},"end":{"line":43,"column":52}},"14":{"start":{"line":45,"column":4},"end":{"line":48,"column":6}},"15":{"start":{"line":50,"column":4},"end":{"line":50,"column":58}},"16":{"start":{"line":51,"column":4},"end":{"line":54,"column":6}},"17":{"start":{"line":62,"column":39},"end":{"line":78,"column":1}},"18":{"start":{"line":63,"column":2},"end":{"line":77,"column":3}},"19":{"start":{"line":64,"column":19},"end":{"line":64,"column":29}},"20":{"start":{"line":65,"column":4},"end":{"line":65,"column":39}},"21":{"start":{"line":67,"column":4},"end":{"line":70,"column":6}},"22":{"start":{"line":72,"column":4},"end":{"line":72,"column":60}},"23":{"start":{"line":73,"column":4},"end":{"line":76,"column":6}},"24":{"start":{"line":85,"column":43},"end":{"line":107,"column":1}},"25":{"start":{"line":86,"column":2},"end":{"line":106,"column":3}},"26":{"start":{"line":87,"column":27},"end":{"line":87,"column":35}},"27":{"start":{"line":88,"column":19},"end":{"line":88,"column":29}},"28":{"start":{"line":90,"column":4},"end":{"line":92,"column":5}},"29":{"start":{"line":91,"column":6},"end":{"line":91,"column":79}},"30":{"start":{"line":94,"column":26},"end":{"line":94,"column":78}},"31":{"start":{"line":96,"column":4},"end":{"line":99,"column":6}},"32":{"start":{"line":101,"column":4},"end":{"line":101,"column":64}},"33":{"start":{"line":102,"column":4},"end":{"line":105,"column":6}}},"fnMap":{"0":{"name":"(anonymous_0)","decl":{"start":{"line":12,"column":34},"end":{"line":12,"column":35}},"loc":{"start":{"line":12,"column":54},"end":{"line":34,"column":1}},"line":12},"1":{"name":"(anonymous_1)","decl":{"start":{"line":40,"column":37},"end":{"line":40,"column":38}},"loc":{"start":{"line":40,"column":57},"end":{"line":56,"column":1}},"line":40},"2":{"name":"(anonymous_2)","decl":{"start":{"line":62,"column":39},"end":{"line":62,"column":40}},"loc":{"start":{"line":62,"column":59},"end":{"line":78,"column":1}},"line":62},"3":{"name":"(anonymous_3)","decl":{"start":{"line":85,"column":43},"end":{"line":85,"column":44}},"loc":{"start":{"line":85,"column":63},"end":{"line":107,"column":1}},"line":85}},"branchMap":{"0":{"loc":{"start":{"line":17,"column":4},"end":{"line":19,"column":5}},"type":"if","locations":[{"start":{"line":17,"column":4},"end":{"line":19,"column":5}},{"start":{},"end":{}}],"line":17},"1":{"loc":{"start":{"line":90,"column":4},"end":{"line":92,"column":5}},"type":"if","locations":[{"start":{"line":90,"column":4},"end":{"line":92,"column":5}},{"start":{},"end":{}}],"line":90},"2":{"loc":{"start":{"line":90,"column":8},"end":{"line":90,"column":53}},"type":"binary-expr","locations":[{"start":{"line":90,"column":8},"end":{"line":90,"column":19}},{"start":{"line":90,"column":23},"end":{"line":90,"column":53}}],"line":90}},"s":{"0":5,"1":5,"2":5,"3":5,"4":5,"5":1,"6":4,"7":3,"8":1,"9":1,"10":5,"11":2,"12":2,"13":2,"14":2,"15":0,"16":0,"17":5,"18":1,"19":1,"20":1,"21":1,"22":0,"23":0,"24":5,"25":4,"26":4,"27":4,"28":4,"29":2,"30":2,"31":2,"32":0,"33":0},"f":{"0":5,"1":2,"2":1,"3":4},"b":{"0":[1,4],"1":[2,2],"2":[4,3]},"inputSourceMap":null,"_coverageSchema":"1a1c01bbd47fc00a2c39e90264f33305004495a9","hash":"f8680c55db2e84bbafa897dc01201afe836f6444"}
,"/Users/macbook/Documents/cs3219_peerprep/cs3219-ay2526s1-project-g25/user-service/controllers/tokenController.js": {"path":"/Users/macbook/Documents/cs3219_peerprep/cs3219-ay2526s1-project-g25/user-service/controllers/tokenController.js","statementMap":{"0":{"start":{"line":4,"column":22},"end":{"line":4,"column":80}},"1":{"start":{"line":7,"column":27},"end":{"line":60,"column":1}},"2":{"start":{"line":8,"column":2},"end":{"line":59,"column":3}},"3":{"start":{"line":9,"column":22},"end":{"line":9,"column":30}},"4":{"start":{"line":10,"column":4},"end":{"line":15,"column":5}},"5":{"start":{"line":11,"column":6},"end":{"line":14,"column":8}},"6":{"start":{"line":18,"column":20},"end":{"line":18,"column":52}},"7":{"start":{"line":21,"column":35},"end":{"line":25,"column":15}},"8":{"start":{"line":27,"column":4},"end":{"line":32,"column":5}},"9":{"start":{"line":28,"column":6},"end":{"line":31,"column":8}},"10":{"start":{"line":34,"column":17},"end":{"line":34,"column":34}},"11":{"start":{"line":35,"column":4},"end":{"line":40,"column":5}},"12":{"start":{"line":36,"column":6},"end":{"line":39,"column":8}},"13":{"start":{"line":43,"column":4},"end":{"line":52,"column":6}},"14":{"start":{"line":55,"column":4},"end":{"line":58,"column":6}},"15":{"start":{"line":63,"column":32},"end":{"line":115,"column":1}},"16":{"start":{"line":64,"column":2},"end":{"line":114,"column":3}},"17":{"start":{"line":65,"column":22},"end":{"line":65,"column":30}},"18":{"start":{"line":66,"column":4},"end":{"line":72,"column":5}},"19":{"start":{"line":67,"column":6},"end":{"line":71,"column":8}},"20":{"start":{"line":74,"column":20},"end":{"line":74,"column":52}},"21":{"start":{"line":76,"column":35},"end":{"line":80,"column":15}},"22":{"start":{"line":82,"column":4},"end":{"line":88,"column":5}},"23":{"start":{"line":83,"column":6},"end":{"line":87,"column":8}},"24":{"start":{"line":90,"column":17},"end":{"line":90,"column":34}},"25":{"start":{"line":91,"column":4},"end":{"line":97,"column":5}},"26":{"start":{"line":92,"column":6},"end":{"line":96,"column":8}},"27":{"start":{"line":99,"column":20},"end":{"line":99,"column":62}},"28":{"start":{"line":101,"column":4},"end":{"line":106,"column":6}},"29":{"start":{"line":109,"column":4},"end":{"line":113,"column":6}}},"fnMap":{"0":{"name":"(anonymous_0)","decl":{"start":{"line":7,"column":27},"end":{"line":7,"column":28}},"loc":{"start":{"line":7,"column":47},"end":{"line":60,"column":1}},"line":7},"1":{"name":"(anonymous_1)","decl":{"start":{"line":63,"column":32},"end":{"line":63,"column":33}},"loc":{"start":{"line":63,"column":52},"end":{"line":115,"column":1}},"line":63}},"branchMap":{"0":{"loc":{"start":{"line":4,"column":22},"end":{"line":4,"column":80}},"type":"binary-expr","locations":[{"start":{"line":4,"column":22},"end":{"line":4,"column":57}},{"start":{"line":4,"column":61},"end":{"line":4,"column":80}}],"line":4},"1":{"loc":{"start":{"line":10,"column":4},"end":{"line":15,"column":5}},"type":"if","locations":[{"start":{"line":10,"column":4},"end":{"line":15,"column":5}},{"start":{},"end":{}}],"line":10},"2":{"loc":{"start":{"line":27,"column":4},"end":{"line":32,"column":5}},"type":"if","locations":[{"start":{"line":27,"column":4},"end":{"line":32,"column":5}},{"start":{},"end":{}}],"line":27},"3":{"loc":{"start":{"line":34,"column":17},"end":{"line":34,"column":34}},"type":"binary-expr","locations":[{"start":{"line":34,"column":17},"end":{"line":34,"column":22}},{"start":{"line":34,"column":26},"end":{"line":34,"column":34}}],"line":34},"4":{"loc":{"start":{"line":35,"column":4},"end":{"line":40,"column":5}},"type":"if","locations":[{"start":{"line":35,"column":4},"end":{"line":40,"column":5}},{"start":{},"end":{}}],"line":35},"5":{"loc":{"start":{"line":35,"column":8},"end":{"line":35,"column":32}},"type":"binary-expr","locations":[{"start":{"line":35,"column":8},"end":{"line":35,"column":13}},{"start":{"line":35,"column":17},"end":{"line":35,"column":32}}],"line":35},"6":{"loc":{"start":{"line":49,"column":15},"end":{"line":49,"column":31}},"type":"binary-expr","locations":[{"start":{"line":49,"column":15},"end":{"line":49,"column":25}},{"start":{"line":49,"column":29},"end":{"line":49,"column":31}}],"line":49},"7":{"loc":{"start":{"line":50,"column":17},"end":{"line":50,"column":59}},"type":"binary-expr","locations":[{"start":{"line":50,"column":17},"end":{"line":50,"column":27}},{"start":{"line":50,"column":31},"end":{"line":50,"column":59}}],"line":50},"8":{"loc":{"start":{"line":66,"column":4},"end":{"line":72,"column":5}},"type":"if","locations":[{"start":{"line":66,"column":4},"end":{"line":72,"column":5}},{"start":{},"end":{}}],"line":66},"9":{"loc":{"start":{"line":82,"column":4},"end":{"line":88,"column":5}},"type":"if","locations":[{"start":{"line":82,"column":4},"end":{"line":88,"column":5}},{"start":{},"end":{}}],"line":82},"10":{"loc":{"start":{"line":90,"column":17},"end":{"line":90,"column":34}},"type":"binary-expr","locations":[{"start":{"line":90,"column":17},"end":{"line":90,"column":22}},{"start":{"line":90,"column":26},"end":{"line":90,"column":34}}],"line":90},"11":{"loc":{"start":{"line":91,"column":4},"end":{"line":97,"column":5}},"type":"if","locations":[{"start":{"line":91,"column":4},"end":{"line":97,"column":5}},{"start":{},"end":{}}],"line":91},"12":{"loc":{"start":{"line":91,"column":8},"end":{"line":91,"column":32}},"type":"binary-expr","locations":[{"start":{"line":91,"column":8},"end":{"line":91,"column":13}},{"start":{"line":91,"column":17},"end":{"line":91,"column":32}}],"line":91},"13":{"loc":{"start":{"line":99,"column":20},"end":{"line":99,"column":62}},"type":"binary-expr","locations":[{"start":{"line":99,"column":20},"end":{"line":99,"column":30}},{"start":{"line":99,"column":34},"end":{"line":99,"column":62}}],"line":99},"14":{"loc":{"start":{"line":105,"column":15},"end":{"line":105,"column":73}},"type":"cond-expr","locations":[{"start":{"line":105,"column":25},"end":{"line":105,"column":41}},{"start":{"line":105,"column":44},"end":{"line":105,"column":73}}],"line":105}},"s":{"0":5,"1":5,"2":6,"3":6,"4":6,"5":1,"6":5,"7":4,"8":4,"9":0,"10":4,"11":4,"12":2,"13":2,"14":1,"15":5,"16":6,"17":6,"18":6,"19":1,"20":5,"21":4,"22":4,"23":0,"24":4,"25":4,"26":2,"27":2,"28":2,"29":1},"f":{"0":6,"1":6},"b":{"0":[5,0],"1":[1,5],"2":[0,4],"3":[4,4],"4":[2,2],"5":[4,3],"6":[2,0],"7":[2,2],"8":[1,5],"9":[0,4],"10":[4,4],"11":[2,2],"12":[4,3],"13":[2,2],"14":[1,1]},"inputSourceMap":null,"_coverageSchema":"1a1c01bbd47fc00a2c39e90264f33305004495a9","hash":"0564628f6958b128c232372b83b58102778ba910"}
,"/Users/macbook/Documents/cs3219_peerprep/cs3219-ay2526s1-project-g25/user-service/controllers/userControl.js": {"path":"/Users/macbook/Documents/cs3219_peerprep/cs3219-ay2526s1-project-g25/user-service/controllers/userControl.js","statementMap":{"0":{"start":{"line":4,"column":26},"end":{"line":20,"column":1}},"1":{"start":{"line":5,"column":26},"end":{"line":9,"column":13}},"2":{"start":{"line":11,"column":15},"end":{"line":11,"column":32}},"3":{"start":{"line":12,"column":2},"end":{"line":12,"column":66}},"4":{"start":{"line":12,"column":13},"end":{"line":12,"column":66}},"5":{"start":{"line":15,"column":2},"end":{"line":17,"column":3}},"6":{"start":{"line":16,"column":4},"end":{"line":16,"column":60}},"7":{"start":{"line":19,"column":2},"end":{"line":19,"column":16}},"8":{"start":{"line":22,"column":29},"end":{"line":52,"column":1}},"9":{"start":{"line":23,"column":62},"end":{"line":23,"column":70}},"10":{"start":{"line":25,"column":26},"end":{"line":25,"column":96}},"11":{"start":{"line":26,"column":15},"end":{"line":26,"column":32}},"12":{"start":{"line":27,"column":2},"end":{"line":27,"column":66}},"13":{"start":{"line":27,"column":13},"end":{"line":27,"column":66}},"14":{"start":{"line":29,"column":2},"end":{"line":33,"column":3}},"15":{"start":{"line":30,"column":4},"end":{"line":32,"column":5}},"16":{"start":{"line":31,"column":6},"end":{"line":31,"column":74}},"17":{"start":{"line":35,"column":16},"end":{"line":35,"column":25}},"18":{"start":{"line":36,"column":16},"end":{"line":36,"column":34}},"19":{"start":{"line":38,"column":2},"end":{"line":41,"column":3}},"20":{"start":{"line":39,"column":4},"end":{"line":39,"column":28}},"21":{"start":{"line":40,"column":4},"end":{"line":40,"column":48}},"22":{"start":{"line":43,"column":2},"end":{"line":49,"column":25}},"23":{"start":{"line":51,"column":2},"end":{"line":51,"column":42}},"24":{"start":{"line":54,"column":29},"end":{"line":67,"column":1}},"25":{"start":{"line":55,"column":30},"end":{"line":55,"column":38}},"26":{"start":{"line":57,"column":26},"end":{"line":57,"column":96}},"27":{"start":{"line":58,"column":15},"end":{"line":58,"column":32}},"28":{"start":{"line":59,"column":2},"end":{"line":59,"column":66}},"29":{"start":{"line":59,"column":13},"end":{"line":59,"column":66}},"30":{"start":{"line":61,"column":2},"end":{"line":63,"column":3}},"31":{"start":{"line":62,"column":4},"end":{"line":62,"column":64}},"32":{"start":{"line":65,"column":2},"end":{"line":65,"column":60}},"33":{"start":{"line":66,"column":2},"end":{"line":66,"column":42}}},"fnMap":{"0":{"name":"(anonymous_0)","decl":{"start":{"line":4,"column":26},"end":{"line":4,"column":27}},"loc":{"start":{"line":4,"column":46},"end":{"line":20,"column":1}},"line":4},"1":{"name":"(anonymous_1)","decl":{"start":{"line":22,"column":29},"end":{"line":22,"column":30}},"loc":{"start":{"line":22,"column":49},"end":{"line":52,"column":1}},"line":22},"2":{"name":"(anonymous_2)","decl":{"start":{"line":54,"column":29},"end":{"line":54,"column":30}},"loc":{"start":{"line":54,"column":49},"end":{"line":67,"column":1}},"line":54}},"branchMap":{"0":{"loc":{"start":{"line":11,"column":15},"end":{"line":11,"column":32}},"type":"binary-expr","locations":[{"start":{"line":11,"column":15},"end":{"line":11,"column":20}},{"start":{"line":11,"column":24},"end":{"line":11,"column":32}}],"line":11},"1":{"loc":{"start":{"line":12,"column":2},"end":{"line":12,"column":66}},"type":"if","locations":[{"start":{"line":12,"column":2},"end":{"line":12,"column":66}},{"start":{},"end":{}}],"line":12},"2":{"loc":{"start":{"line":15,"column":2},"end":{"line":17,"column":3}},"type":"if","locations":[{"start":{"line":15,"column":2},"end":{"line":17,"column":3}},{"start":{},"end":{}}],"line":15},"3":{"loc":{"start":{"line":26,"column":15},"end":{"line":26,"column":32}},"type":"binary-expr","locations":[{"start":{"line":26,"column":15},"end":{"line":26,"column":20}},{"start":{"line":26,"column":24},"end":{"line":26,"column":32}}],"line":26},"4":{"loc":{"start":{"line":27,"column":2},"end":{"line":27,"column":66}},"type":"if","locations":[{"start":{"line":27,"column":2},"end":{"line":27,"column":66}},{"start":{},"end":{}}],"line":27},"5":{"loc":{"start":{"line":29,"column":2},"end":{"line":33,"column":3}},"type":"if","locations":[{"start":{"line":29,"column":2},"end":{"line":33,"column":3}},{"start":{},"end":{}}],"line":29},"6":{"loc":{"start":{"line":29,"column":6},"end":{"line":29,"column":52}},"type":"binary-expr","locations":[{"start":{"line":29,"column":7},"end":{"line":29,"column":12}},{"start":{"line":29,"column":16},"end":{"line":29,"column":36}},{"start":{"line":29,"column":41},"end":{"line":29,"column":52}}],"line":29},"7":{"loc":{"start":{"line":30,"column":4},"end":{"line":32,"column":5}},"type":"if","locations":[{"start":{"line":30,"column":4},"end":{"line":32,"column":5}},{"start":{},"end":{}}],"line":30},"8":{"loc":{"start":{"line":30,"column":8},"end":{"line":30,"column":91}},"type":"binary-expr","locations":[{"start":{"line":30,"column":8},"end":{"line":30,"column":24}},{"start":{"line":30,"column":28},"end":{"line":30,"column":91}}],"line":30},"9":{"loc":{"start":{"line":38,"column":2},"end":{"line":41,"column":3}},"type":"if","locations":[{"start":{"line":38,"column":2},"end":{"line":41,"column":3}},{"start":{},"end":{}}],"line":38},"10":{"loc":{"start":{"line":44,"column":11},"end":{"line":44,"column":30}},"type":"binary-expr","locations":[{"start":{"line":44,"column":11},"end":{"line":44,"column":16}},{"start":{"line":44,"column":20},"end":{"line":44,"column":30}}],"line":44},"11":{"loc":{"start":{"line":47,"column":17},"end":{"line":47,"column":47}},"type":"binary-expr","locations":[{"start":{"line":47,"column":17},"end":{"line":47,"column":27}},{"start":{"line":47,"column":31},"end":{"line":47,"column":47}}],"line":47},"12":{"loc":{"start":{"line":58,"column":15},"end":{"line":58,"column":32}},"type":"binary-expr","locations":[{"start":{"line":58,"column":15},"end":{"line":58,"column":20}},{"start":{"line":58,"column":24},"end":{"line":58,"column":32}}],"line":58},"13":{"loc":{"start":{"line":59,"column":2},"end":{"line":59,"column":66}},"type":"if","locations":[{"start":{"line":59,"column":2},"end":{"line":59,"column":66}},{"start":{},"end":{}}],"line":59},"14":{"loc":{"start":{"line":61,"column":2},"end":{"line":63,"column":3}},"type":"if","locations":[{"start":{"line":61,"column":2},"end":{"line":63,"column":3}},{"start":{},"end":{}}],"line":61},"15":{"loc":{"start":{"line":61,"column":6},"end":{"line":61,"column":89}},"type":"binary-expr","locations":[{"start":{"line":61,"column":6},"end":{"line":61,"column":22}},{"start":{"line":61,"column":26},"end":{"line":61,"column":89}}],"line":61}},"s":{"0":5,"1":3,"2":3,"3":3,"4":0,"5":3,"6":0,"7":3,"8":5,"9":8,"10":8,"11":8,"12":8,"13":0,"14":8,"15":7,"16":3,"17":5,"18":5,"19":5,"20":2,"21":2,"22":5,"23":5,"24":5,"25":3,"26":3,"27":3,"28":3,"29":0,"30":3,"31":2,"32":1,"33":1},"f":{"0":3,"1":8,"2":3},"b":{"0":[3,3],"1":[0,3],"2":[0,3],"3":[8,8],"4":[0,8],"5":[7,1],"6":[8,4,4],"7":[3,4],"8":[7,5],"9":[2,3],"10":[5,3],"11":[5,4],"12":[3,3],"13":[0,3],"14":[2,1],"15":[3,2]},"inputSourceMap":null,"_coverageSchema":"1a1c01bbd47fc00a2c39e90264f33305004495a9","hash":"3ba87a29dbdd3cbb5fdc21444fce3c3d85b95202"}
,"/Users/macbook/Documents/cs3219_peerprep/cs3219-ay2526s1-project-g25/user-service/middleware/auth.js": {"path":"/Users/macbook/Documents/cs3219_peerprep/cs3219-ay2526s1-project-g25/user-service/middleware/auth.js","statementMap":{"0":{"start":{"line":2,"column":22},"end":{"line":2,"column":80}},"1":{"start":{"line":5,"column":15},"end":{"line":5,"column":43}},"2":{"start":{"line":6,"column":16},"end":{"line":6,"column":78}},"3":{"start":{"line":7,"column":2},"end":{"line":7,"column":72}},"4":{"start":{"line":7,"column":14},"end":{"line":7,"column":72}},"5":{"start":{"line":9,"column":2},"end":{"line":16,"column":3}},"6":{"start":{"line":10,"column":20},"end":{"line":10,"column":52}},"7":{"start":{"line":11,"column":4},"end":{"line":11,"column":32}},"8":{"start":{"line":12,"column":4},"end":{"line":12,"column":36}},"9":{"start":{"line":13,"column":4},"end":{"line":13,"column":11}},"10":{"start":{"line":15,"column":4},"end":{"line":15,"column":73}},"11":{"start":{"line":20,"column":2},"end":{"line":20,"column":109}},"12":{"start":{"line":20,"column":50},"end":{"line":20,"column":109}},"13":{"start":{"line":21,"column":2},"end":{"line":21,"column":9}}},"fnMap":{"0":{"name":"authenticateToken","decl":{"start":{"line":4,"column":16},"end":{"line":4,"column":33}},"loc":{"start":{"line":4,"column":50},"end":{"line":17,"column":1}},"line":4},"1":{"name":"requireAdmin","decl":{"start":{"line":19,"column":16},"end":{"line":19,"column":28}},"loc":{"start":{"line":19,"column":45},"end":{"line":22,"column":1}},"line":19}},"branchMap":{"0":{"loc":{"start":{"line":2,"column":22},"end":{"line":2,"column":80}},"type":"binary-expr","locations":[{"start":{"line":2,"column":22},"end":{"line":2,"column":57}},{"start":{"line":2,"column":61},"end":{"line":2,"column":80}}],"line":2},"1":{"loc":{"start":{"line":6,"column":16},"end":{"line":6,"column":78}},"type":"cond-expr","locations":[{"start":{"line":6,"column":53},"end":{"line":6,"column":71}},{"start":{"line":6,"column":74},"end":{"line":6,"column":78}}],"line":6},"2":{"loc":{"start":{"line":6,"column":16},"end":{"line":6,"column":50}},"type":"binary-expr","locations":[{"start":{"line":6,"column":16},"end":{"line":6,"column":20}},{"start":{"line":6,"column":24},"end":{"line":6,"column":50}}],"line":6},"3":{"loc":{"start":{"line":7,"column":2},"end":{"line":7,"column":72}},"type":"if","locations":[{"start":{"line":7,"column":2},"end":{"line":7,"column":72}},{"start":{},"end":{}}],"line":7},"4":{"loc":{"start":{"line":12,"column":16},"end":{"line":12,"column":35}},"type":"binary-expr","locations":[{"start":{"line":12,"column":16},"end":{"line":12,"column":29}},{"start":{"line":12,"column":33},"end":{"line":12,"column":35}}],"line":12},"5":{"loc":{"start":{"line":20,"column":2},"end":{"line":20,"column":109}},"type":"if","locations":[{"start":{"line":20,"column":2},"end":{"line":20,"column":109}},{"start":{},"end":{}}],"line":20},"6":{"loc":{"start":{"line":20,"column":6},"end":{"line":20,"column":48}},"type":"binary-expr","locations":[{"start":{"line":20,"column":6},"end":{"line":20,"column":16}},{"start":{"line":20,"column":20},"end":{"line":20,"column":48}}],"line":20}},"s":{"0":6,"1":48,"2":48,"3":48,"4":10,"5":38,"6":38,"7":34,"8":34,"9":34,"10":4,"11":6,"12":4,"13":2},"f":{"0":48,"1":6},"b":{"0":[6,0],"1":[38,10],"2":[48,39],"3":[10,38],"4":[34,15],"5":[4,2],"6":[6,6]},"inputSourceMap":null,"_coverageSchema":"1a1c01bbd47fc00a2c39e90264f33305004495a9","hash":"db43b69bca23c8a29c850c6567bacabc21ddafb6"}
,"/Users/macbook/Documents/cs3219_peerprep/cs3219-ay2526s1-project-g25/user-service/src/services/difficultyService.js": {"path":"/Users/macbook/Documents/cs3219_peerprep/cs3219-ay2526s1-project-g25/user-service/src/services/difficultyService.js","statementMap":{"0":{"start":{"line":15,"column":35},"end":{"line":55,"column":1}},"1":{"start":{"line":16,"column":28},"end":{"line":16,"column":54}},"2":{"start":{"line":18,"column":2},"end":{"line":20,"column":3}},"3":{"start":{"line":19,"column":4},"end":{"line":19,"column":111}},"4":{"start":{"line":23,"column":45},"end":{"line":27,"column":13}},"5":{"start":{"line":29,"column":2},"end":{"line":32,"column":3}},"6":{"start":{"line":30,"column":4},"end":{"line":30,"column":67}},"7":{"start":{"line":31,"column":4},"end":{"line":31,"column":71}},"8":{"start":{"line":35,"column":24},"end":{"line":35,"column":82}},"9":{"start":{"line":36,"column":20},"end":{"line":39,"column":3}},"10":{"start":{"line":42,"column":26},"end":{"line":47,"column":13}},"11":{"start":{"line":49,"column":2},"end":{"line":52,"column":3}},"12":{"start":{"line":50,"column":4},"end":{"line":50,"column":63}},"13":{"start":{"line":51,"column":4},"end":{"line":51,"column":77}},"14":{"start":{"line":54,"column":2},"end":{"line":54,"column":31}},"15":{"start":{"line":62,"column":35},"end":{"line":77,"column":1}},"16":{"start":{"line":63,"column":26},"end":{"line":67,"column":13}},"17":{"start":{"line":69,"column":2},"end":{"line":72,"column":3}},"18":{"start":{"line":70,"column":4},"end":{"line":70,"column":56}},"19":{"start":{"line":71,"column":4},"end":{"line":71,"column":72}},"20":{"start":{"line":75,"column":24},"end":{"line":75,"column":55}},"21":{"start":{"line":76,"column":2},"end":{"line":76,"column":56}},"22":{"start":{"line":84,"column":37},"end":{"line":96,"column":1}},"23":{"start":{"line":85,"column":20},"end":{"line":88,"column":21}},"24":{"start":{"line":90,"column":2},"end":{"line":93,"column":3}},"25":{"start":{"line":91,"column":4},"end":{"line":91,"column":58}},"26":{"start":{"line":92,"column":4},"end":{"line":92,"column":74}},"27":{"start":{"line":95,"column":2},"end":{"line":95,"column":13}},"28":{"start":{"line":104,"column":42},"end":{"line":115,"column":1}},"29":{"start":{"line":105,"column":22},"end":{"line":105,"column":55}},"30":{"start":{"line":108,"column":2},"end":{"line":112,"column":3}},"31":{"start":{"line":109,"column":4},"end":{"line":111,"column":5}},"32":{"start":{"line":110,"column":6},"end":{"line":110,"column":74}},"33":{"start":{"line":114,"column":2},"end":{"line":114,"column":22}}},"fnMap":{"0":{"name":"(anonymous_0)","decl":{"start":{"line":15,"column":35},"end":{"line":15,"column":36}},"loc":{"start":{"line":15,"column":76},"end":{"line":55,"column":1}},"line":15},"1":{"name":"(anonymous_1)","decl":{"start":{"line":62,"column":35},"end":{"line":62,"column":36}},"loc":{"start":{"line":62,"column":53},"end":{"line":77,"column":1}},"line":62},"2":{"name":"(anonymous_2)","decl":{"start":{"line":84,"column":37},"end":{"line":84,"column":38}},"loc":{"start":{"line":84,"column":55},"end":{"line":96,"column":1}},"line":84},"3":{"name":"(anonymous_3)","decl":{"start":{"line":104,"column":42},"end":{"line":104,"column":43}},"loc":{"start":{"line":104,"column":72},"end":{"line":115,"column":1}},"line":104}},"branchMap":{"0":{"loc":{"start":{"line":15,"column":62},"end":{"line":15,"column":71}},"type":"default-arg","locations":[{"start":{"line":15,"column":70},"end":{"line":15,"column":71}}],"line":15},"1":{"loc":{"start":{"line":18,"column":2},"end":{"line":20,"column":3}},"type":"if","locations":[{"start":{"line":18,"column":2},"end":{"line":20,"column":3}},{"start":{},"end":{}}],"line":18},"2":{"loc":{"start":{"line":29,"column":2},"end":{"line":32,"column":3}},"type":"if","locations":[{"start":{"line":29,"column":2},"end":{"line":32,"column":3}},{"start":{},"end":{}}],"line":29},"3":{"loc":{"start":{"line":35,"column":24},"end":{"line":35,"column":82}},"type":"binary-expr","locations":[{"start":{"line":35,"column":24},"end":{"line":35,"column":47}},{"start":{"line":35,"column":51},"end":{"line":35,"column":82}}],"line":35},"4":{"loc":{"start":{"line":38,"column":19},"end":{"line":38,"column":49}},"type":"binary-expr","locations":[{"start":{"line":38,"column":19},"end":{"line":38,"column":44}},{"start":{"line":38,"column":48},"end":{"line":38,"column":49}}],"line":38},"5":{"loc":{"start":{"line":49,"column":2},"end":{"line":52,"column":3}},"type":"if","locations":[{"start":{"line":49,"column":2},"end":{"line":52,"column":3}},{"start":{},"end":{}}],"line":49},"6":{"loc":{"start":{"line":69,"column":2},"end":{"line":72,"column":3}},"type":"if","locations":[{"start":{"line":69,"column":2},"end":{"line":72,"column":3}},{"start":{},"end":{}}],"line":69},"7":{"loc":{"start":{"line":90,"column":2},"end":{"line":93,"column":3}},"type":"if","locations":[{"start":{"line":90,"column":2},"end":{"line":93,"column":3}},{"start":{},"end":{}}],"line":90},"8":{"loc":{"start":{"line":109,"column":4},"end":{"line":111,"column":5}},"type":"if","locations":[{"start":{"line":109,"column":4},"end":{"line":111,"column":5}},{"start":{},"end":{}}],"line":109}},"s":{"0":5,"1":21,"2":21,"3":2,"4":19,"5":19,"6":2,"7":2,"8":17,"9":17,"10":17,"11":17,"12":0,"13":0,"14":17,"15":5,"16":8,"17":8,"18":1,"19":1,"20":7,"21":7,"22":5,"23":26,"24":26,"25":1,"26":1,"27":25,"28":5,"29":2,"30":2,"31":4,"32":4,"33":2},"f":{"0":21,"1":8,"2":26,"3":2},"b":{"0":[8],"1":[2,19],"2":[2,17],"3":[17,0],"4":[17,17],"5":[0,17],"6":[1,7],"7":[1,25],"8":[4,0]},"inputSourceMap":null,"_coverageSchema":"1a1c01bbd47fc00a2c39e90264f33305004495a9","hash":"416ebdafb4e5a2ef12c2be34864c7fa243a9d68d"}
,"/Users/macbook/Documents/cs3219_peerprep/cs3219-ay2526s1-project-g25/user-service/src/services/supabaseClient.js": {"path":"/Users/macbook/Documents/cs3219_peerprep/cs3219-ay2526s1-project-g25/user-service/src/services/supabaseClient.js","statementMap":{"0":{"start":{"line":3,"column":20},"end":{"line":3,"column":44}},"1":{"start":{"line":4,"column":20},"end":{"line":4,"column":57}},"2":{"start":{"line":6,"column":0},"end":{"line":12,"column":1}},"3":{"start":{"line":7,"column":2},"end":{"line":10,"column":4}},"4":{"start":{"line":11,"column":2},"end":{"line":11,"column":74}},"5":{"start":{"line":14,"column":24},"end":{"line":14,"column":62}}},"fnMap":{},"branchMap":{"0":{"loc":{"start":{"line":6,"column":0},"end":{"line":12,"column":1}},"type":"if","locations":[{"start":{"line":6,"column":0},"end":{"line":12,"column":1}},{"start":{},"end":{}}],"line":6},"1":{"loc":{"start":{"line":6,"column":4},"end":{"line":6,"column":32}},"type":"binary-expr","locations":[{"start":{"line":6,"column":4},"end":{"line":6,"column":16}},{"start":{"line":6,"column":20},"end":{"line":6,"column":32}}],"line":6},"2":{"loc":{"start":{"line":8,"column":18},"end":{"line":8,"column":52}},"type":"cond-expr","locations":[{"start":{"line":8,"column":32},"end":{"line":8,"column":40}},{"start":{"line":8,"column":43},"end":{"line":8,"column":52}}],"line":8},"3":{"loc":{"start":{"line":9,"column":31},"end":{"line":9,"column":65}},"type":"cond-expr","locations":[{"start":{"line":9,"column":45},"end":{"line":9,"column":53}},{"start":{"line":9,"column":56},"end":{"line":9,"column":65}}],"line":9}},"s":{"0":6,"1":6,"2":6,"3":0,"4":0,"5":6},"f":{},"b":{"0":[0,6],"1":[6,6],"2":[0,0],"3":[0,0]},"inputSourceMap":null,"_coverageSchema":"1a1c01bbd47fc00a2c39e90264f33305004495a9","hash":"2a91f63737ff8ebf4e8e8f69d1e46997fe8cb759"}
,"/Users/macbook/Documents/cs3219_peerprep/cs3219-ay2526s1-project-g25/user-service/src/utils/hash.js": {"path":"/Users/macbook/Documents/cs3219_peerprep/cs3219-ay2526s1-project-g25/user-service/src/utils/hash.js","statementMap":{"0":{"start":{"line":4,"column":2},"end":{"line":4,"column":47}},"1":{"start":{"line":8,"column":2},"end":{"line":8,"column":74}},"2":{"start":{"line":12,"column":2},"end":{"line":12,"column":54}}},"fnMap":{"0":{"name":"generateSalt","decl":{"start":{"line":3,"column":16},"end":{"line":3,"column":28}},"loc":{"start":{"line":3,"column":31},"end":{"line":5,"column":1}},"line":3},"1":{"name":"hashPassword","decl":{"start":{"line":7,"column":16},"end":{"line":7,"column":28}},"loc":{"start":{"line":7,"column":45},"end":{"line":9,"column":1}},"line":7},"2":{"name":"verifyPassword","decl":{"start":{"line":11,"column":16},"end":{"line":11,"column":30}},"loc":{"start":{"line":11,"column":61},"end":{"line":13,"column":1}},"line":11}},"branchMap":{},"s":{"0":33,"1":53,"2":23},"f":{"0":33,"1":53,"2":23},"b":{},"inputSourceMap":null,"_coverageSchema":"1a1c01bbd47fc00a2c39e90264f33305004495a9","hash":"7486933e7e557d061f5adb5dd05ea54bc6cffbdb"}
}
