TN:
SF:controllers/authController.js
FN:12,passwordStrong
FN:20,(anonymous_1)
FN:55,(anonymous_2)
FN:70,makeAccessToken
FN:73,makeRefreshToken
FN:77,(anonymous_5)
FN:99,(anonymous_6)
FN:122,(anonymous_7)
FN:135,(anonymous_8)
FN:150,(anonymous_9)
FNF:10
FNH:10
FNDA:21,passwordStrong
FNDA:18,(anonymous_1)
FNDA:4,(anonymous_2)
FNDA:8,makeAccessToken
FNDA:7,makeRefreshToken
FNDA:10,(anonymous_5)
FNDA:3,(anonymous_6)
FNDA:3,(anonymous_7)
FNDA:2,(anonymous_8)
FNDA:5,(anonymous_9)
DA:7,3
DA:8,3
DA:9,3
DA:10,3
DA:13,21
DA:20,3
DA:21,18
DA:22,18
DA:24,17
DA:25,17
DA:26,16
DA:28,10
DA:33,10
DA:34,2
DA:37,8
DA:38,8
DA:40,8
DA:45,8
DA:47,8
DA:48,8
DA:50,8
DA:52,8
DA:55,3
DA:56,4
DA:57,4
DA:59,3
DA:60,3
DA:61,2
DA:63,1
DA:64,1
DA:66,1
DA:71,8
DA:74,7
DA:77,3
DA:78,10
DA:80,10
DA:86,10
DA:87,10
DA:88,9
DA:89,8
DA:91,7
DA:92,7
DA:94,7
DA:96,7
DA:99,3
DA:100,3
DA:101,3
DA:103,2
DA:104,2
DA:106,1
DA:113,1
DA:115,1
DA:116,1
DA:118,1
DA:122,3
DA:123,3
DA:124,3
DA:126,2
DA:127,2
DA:128,1
DA:129,1
DA:131,1
DA:135,3
DA:136,2
DA:138,2
DA:139,2
DA:141,2
DA:142,1
DA:143,1
DA:144,1
DA:147,2
DA:150,3
DA:151,5
DA:152,5
DA:154,3
DA:155,3
DA:156,2
DA:158,1
DA:159,1
DA:161,1
DA:162,1
DA:164,1
LF:82
LH:82
BRDA:7,0,0,3
BRDA:7,0,1,0
BRDA:8,1,0,3
BRDA:8,1,1,0
BRDA:9,2,0,3
BRDA:9,2,1,0
BRDA:10,3,0,3
BRDA:10,3,1,0
BRDA:13,4,0,21
BRDA:13,4,1,17
BRDA:13,4,2,16
BRDA:13,4,3,15
BRDA:13,4,4,14
BRDA:22,5,0,1
BRDA:22,5,1,17
BRDA:25,6,0,1
BRDA:25,6,1,16
BRDA:26,7,0,6
BRDA:26,7,1,10
BRDA:33,8,0,2
BRDA:33,8,1,8
BRDA:33,9,0,10
BRDA:33,9,1,10
BRDA:45,10,0,0
BRDA:45,10,1,8
BRDA:57,11,0,1
BRDA:57,11,1,3
BRDA:61,12,0,1
BRDA:61,12,1,1
BRDA:86,13,0,10
BRDA:86,13,1,10
BRDA:87,14,0,1
BRDA:87,14,1,9
BRDA:88,15,0,1
BRDA:88,15,1,8
BRDA:89,16,0,1
BRDA:89,16,1,7
BRDA:101,17,0,1
BRDA:101,17,1,2
BRDA:113,18,0,0
BRDA:113,18,1,1
BRDA:113,19,0,1
BRDA:113,19,1,1
BRDA:124,20,0,1
BRDA:124,20,1,2
BRDA:139,21,0,2
BRDA:139,21,1,2
BRDA:141,22,0,1
BRDA:141,22,1,1
BRDA:152,23,0,2
BRDA:152,23,1,3
BRDA:156,24,0,1
BRDA:156,24,1,1
BRF:53
BRH:47
end_of_record
TN:
SF:controllers/userControl.js
FN:4,(anonymous_0)
FN:17,(anonymous_1)
FN:49,(anonymous_2)
FNF:3
FNH:3
FNDA:2,(anonymous_0)
FNDA:8,(anonymous_1)
FNDA:3,(anonymous_2)
DA:4,3
DA:5,2
DA:11,2
DA:12,2
DA:14,2
DA:17,3
DA:18,8
DA:20,8
DA:21,8
DA:22,8
DA:24,8
DA:25,7
DA:26,3
DA:30,5
DA:31,5
DA:33,5
DA:34,2
DA:35,2
DA:38,5
DA:46,5
DA:49,3
DA:50,3
DA:52,3
DA:53,3
DA:54,3
DA:56,3
DA:57,2
DA:60,1
DA:61,1
LF:29
LH:29
BRDA:11,0,0,2
BRDA:11,0,1,2
BRDA:12,1,0,0
BRDA:12,1,1,2
BRDA:21,2,0,8
BRDA:21,2,1,8
BRDA:22,3,0,0
BRDA:22,3,1,8
BRDA:24,4,0,7
BRDA:24,4,1,1
BRDA:24,5,0,8
BRDA:24,5,1,4
BRDA:24,5,2,4
BRDA:25,6,0,3
BRDA:25,6,1,4
BRDA:25,7,0,7
BRDA:25,7,1,5
BRDA:33,8,0,2
BRDA:33,8,1,3
BRDA:39,9,0,5
BRDA:39,9,1,3
BRDA:42,10,0,5
BRDA:42,10,1,4
BRDA:53,11,0,3
BRDA:53,11,1,3
BRDA:54,12,0,0
BRDA:54,12,1,3
BRDA:56,13,0,2
BRDA:56,13,1,1
BRDA:56,14,0,3
BRDA:56,14,1,2
BRF:31
BRH:28
end_of_record
TN:
SF:middleware/auth.js
FN:4,authenticateToken
FN:19,requireAdmin
FNF:2
FNH:2
FNDA:31,authenticateToken
FNDA:6,requireAdmin
DA:2,4
DA:5,31
DA:6,31
DA:7,31
DA:9,25
DA:10,25
DA:11,21
DA:12,21
DA:13,21
DA:15,4
DA:20,6
DA:21,2
LF:12
LH:12
BRDA:2,0,0,4
BRDA:2,0,1,0
BRDA:6,1,0,25
BRDA:6,1,1,6
BRDA:6,2,0,31
BRDA:6,2,1,26
BRDA:7,3,0,6
BRDA:7,3,1,25
BRDA:12,4,0,21
BRDA:12,4,1,3
BRDA:20,5,0,4
BRDA:20,5,1,2
BRDA:20,6,0,6
BRDA:20,6,1,6
BRF:14
BRH:13
end_of_record
TN:
SF:src/config/mailer.js
FN:17,sendMail
FNF:1
FNH:1
FNDA:14,sendMail
DA:3,4
DA:4,4
DA:5,4
DA:6,4
DA:8,4
DA:18,14
DA:19,14
DA:20,14
DA:22,0
LF:9
LH:8
BRDA:4,0,0,0
BRDA:4,0,1,4
BRDA:8,1,0,0
BRDA:8,1,1,4
BRDA:8,2,0,4
BRDA:8,2,1,0
BRDA:8,2,2,0
BRDA:8,2,3,0
BRDA:18,3,0,14
BRDA:18,3,1,0
BRDA:23,4,0,0
BRDA:23,4,1,0
BRF:12
BRH:4
end_of_record
TN:
SF:src/services/supabaseClient.js
FNF:0
FNH:0
DA:3,3
DA:4,3
DA:6,3
DA:7,0
DA:11,0
DA:14,3
LF:6
LH:4
BRDA:6,0,0,0
BRDA:6,0,1,3
BRDA:6,1,0,3
BRDA:6,1,1,3
BRDA:8,2,0,0
BRDA:8,2,1,0
BRDA:9,3,0,0
BRDA:9,3,1,0
BRF:8
BRH:3
end_of_record
TN:
SF:src/utils/hash.js
FN:3,generateSalt
FN:7,hashPassword
FN:11,verifyPassword
FNF:3
FNH:3
FNDA:30,generateSalt
FNDA:50,hashPassword
FNDA:23,verifyPassword
DA:4,30
DA:8,50
DA:12,23
LF:3
LH:3
BRF:0
BRH:0
end_of_record
