TN:
SF:controllers/authController.js
FN:11,passwordStrong
FN:20,(anonymous_1)
FN:95,(anonymous_2)
FN:141,makeAccessToken
FN:145,makeRefreshToken
FN:150,(anonymous_5)
FN:173,(anonymous_6)
FN:197,(anonymous_7)
FN:211,(anonymous_8)
FN:241,(anonymous_9)
FNF:10
FNH:10
FNDA:21,passwordStrong
FNDA:19,(anonymous_1)
FNDA:6,(anonymous_2)
FNDA:8,makeAccessToken
FNDA:9,makeRefreshToken
FNDA:10,(anonymous_5)
FNDA:3,(anonymous_6)
FNDA:3,(anonymous_7)
FNDA:3,(anonymous_8)
FNDA:8,(anonymous_9)
DA:6,5
DA:7,5
DA:8,5
DA:12,21
DA:20,5
DA:21,19
DA:22,19
DA:24,18
DA:25,18
DA:26,17
DA:29,11
DA:34,11
DA:35,2
DA:39,9
DA:40,9
DA:42,9
DA:55,9
DA:58,9
DA:59,9
DA:62,9
DA:65,0
DA:78,0
DA:79,0
DA:81,0
DA:82,0
DA:84,0
DA:88,9
DA:95,5
DA:97,6
DA:99,6
DA:100,1
DA:103,5
DA:104,5
DA:106,4
DA:107,1
DA:110,3
DA:116,3
DA:117,3
DA:118,1
DA:121,2
DA:122,0
DA:126,2
DA:128,2
DA:133,2
DA:135,1
DA:136,1
DA:142,8
DA:146,9
DA:150,5
DA:151,10
DA:152,10
DA:158,10
DA:159,10
DA:160,9
DA:161,8
DA:162,1
DA:164,7
DA:165,7
DA:166,7
DA:169,7
DA:173,5
DA:174,3
DA:175,3
DA:177,2
DA:178,2
DA:179,1
DA:186,1
DA:187,0
DA:189,1
DA:190,1
DA:192,1
DA:197,5
DA:198,3
DA:199,3
DA:201,2
DA:202,2
DA:203,1
DA:204,1
DA:206,1
DA:211,5
DA:212,3
DA:214,3
DA:215,1
DA:218,2
DA:220,2
DA:225,2
DA:226,0
DA:228,2
DA:232,2
DA:235,0
DA:237,0
DA:241,5
DA:242,8
DA:244,8
DA:245,1
DA:248,7
DA:249,2
DA:252,5
DA:253,1
DA:256,4
DA:257,2
DA:260,2
DA:262,2
DA:274,2
DA:276,2
DA:277,2
DA:278,2
DA:282,0
DA:285,0
DA:286,0
DA:287,0
DA:289,0
DA:290,0
DA:292,0
DA:294,0
DA:295,0
DA:298,0
DA:300,0
DA:308,0
DA:310,0
DA:311,0
LF:121
LH:96
BRDA:6,0,0,5
BRDA:6,0,1,0
BRDA:7,1,0,5
BRDA:7,1,1,0
BRDA:8,2,0,5
BRDA:8,2,1,0
BRDA:12,3,0,21
BRDA:12,3,1,17
BRDA:12,3,2,16
BRDA:12,3,3,15
BRDA:12,3,4,14
BRDA:22,4,0,1
BRDA:22,4,1,18
BRDA:25,5,0,1
BRDA:25,5,1,17
BRDA:26,6,0,6
BRDA:26,6,1,11
BRDA:34,7,0,2
BRDA:34,7,1,9
BRDA:34,8,0,11
BRDA:34,8,1,11
BRDA:55,9,0,0
BRDA:55,9,1,9
BRDA:62,10,0,0
BRDA:62,10,1,9
BRDA:78,11,0,0
BRDA:78,11,1,0
BRDA:90,12,0,9
BRDA:90,12,1,9
BRDA:97,13,0,6
BRDA:97,13,1,1
BRDA:99,14,0,1
BRDA:99,14,1,5
BRDA:106,15,0,1
BRDA:106,15,1,3
BRDA:117,16,0,1
BRDA:117,16,1,2
BRDA:121,17,0,0
BRDA:121,17,1,2
BRDA:158,18,0,10
BRDA:158,18,1,10
BRDA:159,19,0,1
BRDA:159,19,1,9
BRDA:160,20,0,1
BRDA:160,20,1,8
BRDA:161,21,0,1
BRDA:161,21,1,7
BRDA:175,22,0,1
BRDA:175,22,1,2
BRDA:186,23,0,0
BRDA:186,23,1,1
BRDA:186,24,0,1
BRDA:186,24,1,1
BRDA:199,25,0,1
BRDA:199,25,1,2
BRDA:214,26,0,1
BRDA:214,26,1,2
BRDA:225,27,0,0
BRDA:225,27,1,2
BRDA:244,28,0,1
BRDA:244,28,1,7
BRDA:248,29,0,2
BRDA:248,29,1,5
BRDA:248,30,0,7
BRDA:248,30,1,6
BRDA:252,31,0,1
BRDA:252,31,1,4
BRDA:256,32,0,2
BRDA:256,32,1,2
BRDA:276,33,0,2
BRDA:276,33,1,0
BRDA:282,34,0,0
BRDA:282,34,1,0
BRDA:287,35,0,0
BRDA:287,35,1,0
BRDA:287,36,0,0
BRDA:287,36,1,0
BRDA:292,37,0,0
BRDA:292,37,1,0
BRF:79
BRH:60
end_of_record
TN:
SF:controllers/difficultyController.js
FN:12,(anonymous_0)
FN:40,(anonymous_1)
FN:62,(anonymous_2)
FN:85,(anonymous_3)
FNF:4
FNH:4
FNDA:5,(anonymous_0)
FNDA:2,(anonymous_1)
FNDA:1,(anonymous_2)
FNDA:4,(anonymous_3)
DA:12,5
DA:13,5
DA:14,5
DA:15,5
DA:17,5
DA:18,1
DA:21,4
DA:23,3
DA:28,1
DA:29,1
DA:40,5
DA:41,2
DA:42,2
DA:43,2
DA:45,2
DA:50,0
DA:51,0
DA:62,5
DA:63,1
DA:64,1
DA:65,1
DA:67,1
DA:72,0
DA:73,0
DA:85,5
DA:86,4
DA:87,4
DA:88,4
DA:90,4
DA:91,2
DA:94,2
DA:96,2
DA:101,0
DA:102,0
LF:34
LH:28
BRDA:17,0,0,1
BRDA:17,0,1,4
BRDA:90,1,0,2
BRDA:90,1,1,2
BRDA:90,2,0,4
BRDA:90,2,1,3
BRF:6
BRH:6
end_of_record
TN:
SF:controllers/tokenController.js
FN:7,(anonymous_0)
FN:63,(anonymous_1)
FNF:2
FNH:2
FNDA:6,(anonymous_0)
FNDA:6,(anonymous_1)
DA:4,5
DA:7,5
DA:8,6
DA:9,6
DA:10,6
DA:11,1
DA:18,5
DA:21,4
DA:27,4
DA:28,0
DA:34,4
DA:35,4
DA:36,2
DA:43,2
DA:55,1
DA:63,5
DA:64,6
DA:65,6
DA:66,6
DA:67,1
DA:74,5
DA:76,4
DA:82,4
DA:83,0
DA:90,4
DA:91,4
DA:92,2
DA:99,2
DA:101,2
DA:109,1
LF:30
LH:28
BRDA:4,0,0,5
BRDA:4,0,1,0
BRDA:10,1,0,1
BRDA:10,1,1,5
BRDA:27,2,0,0
BRDA:27,2,1,4
BRDA:34,3,0,4
BRDA:34,3,1,4
BRDA:35,4,0,2
BRDA:35,4,1,2
BRDA:35,5,0,4
BRDA:35,5,1,3
BRDA:49,6,0,2
BRDA:49,6,1,0
BRDA:50,7,0,2
BRDA:50,7,1,2
BRDA:66,8,0,1
BRDA:66,8,1,5
BRDA:82,9,0,0
BRDA:82,9,1,4
BRDA:90,10,0,4
BRDA:90,10,1,4
BRDA:91,11,0,2
BRDA:91,11,1,2
BRDA:91,12,0,4
BRDA:91,12,1,3
BRDA:99,13,0,2
BRDA:99,13,1,2
BRDA:105,14,0,1
BRDA:105,14,1,1
BRF:30
BRH:26
end_of_record
TN:
SF:controllers/userControl.js
FN:4,(anonymous_0)
FN:22,(anonymous_1)
FN:54,(anonymous_2)
FNF:3
FNH:3
FNDA:3,(anonymous_0)
FNDA:8,(anonymous_1)
FNDA:3,(anonymous_2)
DA:4,5
DA:5,3
DA:11,3
DA:12,3
DA:15,3
DA:16,0
DA:19,3
DA:22,5
DA:23,8
DA:25,8
DA:26,8
DA:27,8
DA:29,8
DA:30,7
DA:31,3
DA:35,5
DA:36,5
DA:38,5
DA:39,2
DA:40,2
DA:43,5
DA:51,5
DA:54,5
DA:55,3
DA:57,3
DA:58,3
DA:59,3
DA:61,3
DA:62,2
DA:65,1
DA:66,1
LF:31
LH:30
BRDA:11,0,0,3
BRDA:11,0,1,3
BRDA:12,1,0,0
BRDA:12,1,1,3
BRDA:15,2,0,0
BRDA:15,2,1,3
BRDA:26,3,0,8
BRDA:26,3,1,8
BRDA:27,4,0,0
BRDA:27,4,1,8
BRDA:29,5,0,7
BRDA:29,5,1,1
BRDA:29,6,0,8
BRDA:29,6,1,4
BRDA:29,6,2,4
BRDA:30,7,0,3
BRDA:30,7,1,4
BRDA:30,8,0,7
BRDA:30,8,1,5
BRDA:38,9,0,2
BRDA:38,9,1,3
BRDA:44,10,0,5
BRDA:44,10,1,3
BRDA:47,11,0,5
BRDA:47,11,1,4
BRDA:58,12,0,3
BRDA:58,12,1,3
BRDA:59,13,0,0
BRDA:59,13,1,3
BRDA:61,14,0,2
BRDA:61,14,1,1
BRDA:61,15,0,3
BRDA:61,15,1,2
BRF:33
BRH:29
end_of_record
TN:
SF:middleware/auth.js
FN:4,authenticateToken
FN:19,requireAdmin
FNF:2
FNH:2
FNDA:48,authenticateToken
FNDA:6,requireAdmin
DA:2,6
DA:5,48
DA:6,48
DA:7,48
DA:9,38
DA:10,38
DA:11,34
DA:12,34
DA:13,34
DA:15,4
DA:20,6
DA:21,2
LF:12
LH:12
BRDA:2,0,0,6
BRDA:2,0,1,0
BRDA:6,1,0,38
BRDA:6,1,1,10
BRDA:6,2,0,48
BRDA:6,2,1,39
BRDA:7,3,0,10
BRDA:7,3,1,38
BRDA:12,4,0,34
BRDA:12,4,1,15
BRDA:20,5,0,4
BRDA:20,5,1,2
BRDA:20,6,0,6
BRDA:20,6,1,6
BRF:14
BRH:13
end_of_record
TN:
SF:src/services/difficultyService.js
FN:15,(anonymous_0)
FN:62,(anonymous_1)
FN:84,(anonymous_2)
FN:104,(anonymous_3)
FNF:4
FNH:4
FNDA:21,(anonymous_0)
FNDA:8,(anonymous_1)
FNDA:26,(anonymous_2)
FNDA:2,(anonymous_3)
DA:15,5
DA:16,21
DA:18,21
DA:19,2
DA:23,19
DA:29,19
DA:30,2
DA:31,2
DA:35,17
DA:36,17
DA:42,17
DA:49,17
DA:50,0
DA:51,0
DA:54,17
DA:62,5
DA:63,8
DA:69,8
DA:70,1
DA:71,1
DA:75,7
DA:76,7
DA:84,5
DA:85,26
DA:90,26
DA:91,1
DA:92,1
DA:95,25
DA:104,5
DA:105,2
DA:108,2
DA:109,4
DA:110,4
DA:114,2
LF:34
LH:32
BRDA:15,0,0,8
BRDA:18,1,0,2
BRDA:18,1,1,19
BRDA:29,2,0,2
BRDA:29,2,1,17
BRDA:35,3,0,17
BRDA:35,3,1,0
BRDA:38,4,0,17
BRDA:38,4,1,17
BRDA:49,5,0,0
BRDA:49,5,1,17
BRDA:69,6,0,1
BRDA:69,6,1,7
BRDA:90,7,0,1
BRDA:90,7,1,25
BRDA:109,8,0,4
BRDA:109,8,1,0
BRF:17
BRH:14
end_of_record
TN:
SF:src/services/supabaseClient.js
FNF:0
FNH:0
DA:3,6
DA:4,6
DA:6,6
DA:7,0
DA:11,0
DA:14,6
LF:6
LH:4
BRDA:6,0,0,0
BRDA:6,0,1,6
BRDA:6,1,0,6
BRDA:6,1,1,6
BRDA:8,2,0,0
BRDA:8,2,1,0
BRDA:9,3,0,0
BRDA:9,3,1,0
BRF:8
BRH:3
end_of_record
TN:
SF:src/utils/hash.js
FN:3,generateSalt
FN:7,hashPassword
FN:11,verifyPassword
FNF:3
FNH:3
FNDA:33,generateSalt
FNDA:53,hashPassword
FNDA:23,verifyPassword
DA:4,33
DA:8,53
DA:12,23
LF:3
LH:3
BRF:0
BRH:0
end_of_record
