TN:
SF:src\server.js
FN:13,(anonymous_0)
FN:18,(anonymous_1)
FNF:2
FNH:1
FNDA:1,(anonymous_0)
FNDA:0,(anonymous_1)
DA:7,2
DA:8,2
DA:10,2
DA:13,2
DA:16,2
DA:17,2
DA:18,0
DA:19,0
LF:8
LH:6
BRDA:16,0,0,2
BRDA:16,0,1,2
BRDA:17,1,0,0
BRDA:17,1,1,2
BRF:4
BRH:3
end_of_record
TN:
SF:src\controllers\questionsController.js
FN:9,createQuestion
FN:37,getQuestionById
FN:64,listQuestions
FN:90,getRandomQuestion
FN:119,updateQuestion
FN:124,(anonymous_5)
FN:160,deleteQuestion
FNF:7
FNH:7
FNDA:3,createQuestion
FNDA:3,getQuestionById
FNDA:3,listQuestions
FNDA:3,getRandomQuestion
FNDA:4,updateQuestion
FNDA:20,(anonymous_5)
FNDA:2,deleteQuestion
DA:10,3
DA:11,3
DA:14,3
DA:16,3
DA:22,3
DA:23,1
DA:24,1
DA:27,2
DA:29,0
DA:30,0
DA:38,3
DA:39,3
DA:40,3
DA:42,3
DA:48,2
DA:49,1
DA:50,1
DA:52,1
DA:54,0
DA:56,1
DA:57,1
DA:65,3
DA:66,3
DA:67,3
DA:69,2
DA:70,2
DA:72,2
DA:74,2
DA:75,1
DA:76,1
DA:79,1
DA:81,1
DA:82,1
DA:91,3
DA:92,3
DA:93,3
DA:95,3
DA:96,3
DA:98,3
DA:99,3
DA:100,1
DA:101,1
DA:103,2
DA:104,1
DA:107,1
DA:108,1
DA:110,0
DA:111,0
DA:120,4
DA:121,4
DA:122,4
DA:123,4
DA:124,4
DA:125,20
DA:128,4
DA:129,0
DA:133,4
DA:134,1
DA:137,3
DA:144,3
DA:145,1
DA:146,1
DA:148,2
DA:150,1
DA:152,0
DA:153,0
DA:161,2
DA:162,2
DA:163,2
DA:164,2
DA:165,1
DA:166,1
DA:170,1
DA:172,0
DA:173,0
LF:75
LH:65
BRDA:22,0,0,1
BRDA:22,0,1,2
BRDA:40,1,0,0
BRDA:40,1,1,3
BRDA:48,2,0,1
BRDA:48,2,1,1
BRDA:52,3,0,1
BRDA:52,3,1,0
BRDA:69,4,0,1
BRDA:69,4,1,1
BRDA:70,5,0,1
BRDA:70,5,1,1
BRDA:74,6,0,1
BRDA:74,6,1,1
BRDA:95,7,0,1
BRDA:95,7,1,2
BRDA:96,8,0,1
BRDA:96,8,1,2
BRDA:99,9,0,1
BRDA:99,9,1,2
BRDA:103,10,0,1
BRDA:103,10,1,1
BRDA:103,11,0,2
BRDA:103,11,1,2
BRDA:125,12,0,4
BRDA:125,12,1,16
BRDA:128,13,0,0
BRDA:128,13,1,4
BRDA:133,14,0,1
BRDA:133,14,1,3
BRDA:133,15,0,4
BRDA:133,15,1,1
BRDA:144,16,0,1
BRDA:144,16,1,2
BRDA:148,17,0,1
BRDA:148,17,1,1
BRDA:164,18,0,1
BRDA:164,18,1,1
BRF:38
BRH:35
end_of_record
TN:
SF:src\middleware\validateQuestion.js
FN:2,validateCreateQuestion
FN:38,validateUpdateQuestion
FN:44,(anonymous_2)
FNF:3
FNH:3
FNDA:9,validateCreateQuestion
FNDA:10,validateUpdateQuestion
FNDA:11,(anonymous_2)
DA:3,9
DA:4,9
DA:6,9
DA:7,2
DA:9,9
DA:10,2
DA:12,9
DA:13,3
DA:15,9
DA:16,2
DA:18,9
DA:19,2
DA:23,7
DA:24,7
DA:25,6
DA:26,6
DA:28,1
DA:32,9
DA:33,4
DA:35,5
DA:40,10
DA:41,10
DA:44,11
DA:45,10
DA:46,2
DA:50,8
DA:51,1
DA:53,7
DA:54,2
DA:55,2
DA:56,1
DA:57,1
DA:59,1
DA:62,6
LF:34
LH:34
BRDA:6,0,0,2
BRDA:6,0,1,7
BRDA:6,1,0,9
BRDA:6,1,1,7
BRDA:6,1,2,7
BRDA:9,2,0,2
BRDA:9,2,1,7
BRDA:9,3,0,9
BRDA:9,3,1,7
BRDA:9,3,2,7
BRDA:12,4,0,3
BRDA:12,4,1,6
BRDA:12,5,0,9
BRDA:12,5,1,7
BRDA:15,6,0,2
BRDA:15,6,1,7
BRDA:15,7,0,9
BRDA:15,7,1,7
BRDA:15,7,2,7
BRDA:18,8,0,2
BRDA:18,8,1,7
BRDA:24,9,0,2
BRDA:24,9,1,5
BRDA:25,10,0,0
BRDA:25,10,1,6
BRDA:25,11,0,6
BRDA:25,11,1,6
BRDA:32,12,0,4
BRDA:32,12,1,5
BRDA:45,13,0,2
BRDA:45,13,1,8
BRDA:50,14,0,1
BRDA:50,14,1,7
BRDA:50,15,0,8
BRDA:50,15,1,1
BRDA:53,16,0,2
BRDA:53,16,1,5
BRDA:55,17,0,2
BRDA:55,17,1,0
BRDA:56,18,0,0
BRDA:56,18,1,1
BRDA:56,19,0,1
BRDA:56,19,1,1
BRF:43
BRH:40
end_of_record
TN:
SF:src\routes\questions.js
FNF:0
FNH:0
DA:14,2
DA:18,2
DA:19,2
DA:20,2
DA:21,2
DA:22,2
DA:23,2
LF:7
LH:7
BRF:0
BRH:0
end_of_record
TN:
SF:src\services\supabaseClient.js
FNF:0
FNH:0
DA:4,2
DA:5,2
DA:7,2
DA:8,0
DA:11,2
LF:5
LH:4
BRDA:7,0,0,0
BRDA:7,0,1,2
BRDA:7,1,0,2
BRDA:7,1,1,2
BRF:4
BRH:3
end_of_record
